2022-11-07 16:05:26 [main] INFO  RunnerClass:40 - Appium Server started
2022-11-07 16:05:38 [main] INFO  RunnerClass:16 - device is initialized
2022-11-07 16:05:39 [main] INFO  StartScreen:33 - NATIVE_APP
2022-11-07 16:05:41 [main] INFO  StartScreen:36 - NATIVE_APP
2022-11-07 16:05:43 [main] INFO  StartScreen:39 - NATIVE_APP
2022-11-07 16:05:47 [main] INFO  StartScreen:43 - NATIVE_APP
2022-11-07 16:05:48 [main] INFO  hide_showAnimationScreen:42 - NATIVE_APP
2022-11-07 16:05:51 [main] INFO  hide_showAnimationScreen:47 - NATIVE_APP
2022-11-07 16:05:53 [main] INFO  hide_showAnimationScreen:52 - NATIVE_APP
2022-11-07 16:05:54 [main] INFO  hide_showAnimationScreen:55 - NATIVE_APP
2022-11-07 16:05:56 [main] INFO  hide_showAnimationScreen:60 - NATIVE_APP
2022-11-07 16:05:57 [main] INFO  hide_showAnimationScreen:63 - NATIVE_APP
2022-11-07 16:05:58 [main] INFO  hide_showAnimationScreen:68 - NATIVE_APP
2022-11-07 16:06:12 [main] INFO  RunnerClass:16 - device is initialized
2022-11-07 16:06:12 [main] INFO  StartScreen:33 - NATIVE_APP
2022-11-07 16:06:15 [main] INFO  StartScreen:36 - NATIVE_APP
2022-11-07 16:06:17 [main] INFO  StartScreen:39 - NATIVE_APP
2022-11-07 16:06:21 [main] INFO  StartScreen:43 - NATIVE_APP
2022-11-07 16:06:22 [main] INFO  hide_showAnimationScreen:42 - NATIVE_APP
2022-11-07 16:06:25 [main] INFO  ViewFlipScreen:29 - NATIVE_APP
2022-11-07 16:06:29 [main] INFO  ViewFlipScreen:35 - NATIVE_APP
2022-11-07 16:06:51 [main] INFO  RunnerClass:16 - device is initialized
2022-11-07 16:06:51 [main] INFO  StartScreen:33 - NATIVE_APP
2022-11-07 16:06:53 [main] INFO  StartScreen:36 - NATIVE_APP
2022-11-07 16:06:55 [main] INFO  StartScreen:39 - NATIVE_APP
2022-11-07 16:06:59 [main] INFO  StartScreen:43 - NATIVE_APP
2022-11-07 16:07:00 [main] INFO  display_options:32 - NATIVE_APP
2022-11-07 16:07:02 [main] INFO  display_options:37 - NATIVE_APP
2022-11-07 16:07:05 [main] INFO  display_options:42 - NATIVE_APP
2022-11-07 16:07:07 [main] INFO  display_options:47 - NATIVE_APP
2022-11-07 16:07:23 [main] INFO  RunnerClass:16 - device is initialized
2022-11-07 16:07:23 [main] INFO  StartScreen:33 - NATIVE_APP
2022-11-07 16:07:26 [main] INFO  StartScreen:36 - NATIVE_APP
2022-11-07 16:07:28 [main] INFO  StartScreen:39 - NATIVE_APP
2022-11-07 16:07:31 [main] INFO  StartScreen:43 - NATIVE_APP
2022-11-07 16:07:33 [main] INFO  display_options:32 - NATIVE_APP
2022-11-07 16:07:35 [main] INFO  SearchScreen:35 - NATIVE_APP
2022-11-07 16:07:37 [main] INFO  SearchScreen:40 - NATIVE_APP
2022-11-07 16:07:39 [main] INFO  SearchScreen:45 - NATIVE_APP
2022-11-07 16:07:41 [main] INFO  SearchScreen:48 - NATIVE_APP
2022-11-07 16:07:42 [main] INFO  SearchScreen:53 - NATIVE_APP
2022-11-07 16:07:58 [main] INFO  RunnerClass:16 - device is initialized
2022-11-07 16:07:58 [main] INFO  StartScreen:33 - NATIVE_APP
2022-11-07 16:08:01 [main] INFO  StartScreen:36 - NATIVE_APP
2022-11-07 16:08:02 [main] INFO  StartScreen:39 - NATIVE_APP
2022-11-07 16:08:05 [main] INFO  StartScreen:43 - NATIVE_APP
2022-11-07 16:08:06 [main] INFO  display_options:32 - NATIVE_APP
2022-11-07 16:08:09 [main] INFO  SearchScreen:35 - NATIVE_APP
2022-11-07 16:08:11 [main] INFO  SearchScreen:40 - NATIVE_APP
2022-11-07 16:08:13 [main] INFO  SearchScreen:45 - NATIVE_APP
2022-11-07 16:08:14 [main] INFO  SearchScreen:48 - NATIVE_APP
2022-11-07 16:08:15 [main] INFO  SearchScreen:53 - NATIVE_APP
2022-11-07 16:08:31 [main] INFO  RunnerClass:16 - device is initialized
2022-11-07 16:08:31 [main] INFO  StartScreen:33 - NATIVE_APP
2022-11-07 16:08:34 [main] INFO  StartScreen:36 - NATIVE_APP
2022-11-07 16:08:35 [main] INFO  StartScreen:39 - NATIVE_APP
2022-11-07 16:08:38 [main] INFO  StartScreen:43 - NATIVE_APP
2022-11-07 16:08:58 [main] INFO  RunnerClass:16 - device is initialized
2022-11-07 16:08:58 [main] INFO  StartScreen:33 - NATIVE_APP
2022-11-07 16:09:01 [main] INFO  StartScreen:36 - NATIVE_APP
2022-11-07 16:09:02 [main] INFO  StartScreen:39 - NATIVE_APP
2022-11-07 16:09:05 [main] INFO  StartScreen:43 - NATIVE_APP
2022-11-07 16:09:09 [main] INFO  MediaProjectionScreen:33 - NATIVE_APP
2022-11-07 16:09:11 [main] INFO  RunnerClass:70 - Appium server stopped
2022-11-07 17:02:14 [main] INFO  RunnerClass:40 - Appium Server started
2022-11-07 17:02:24 [main] INFO  RunnerClass:20 - device is initialized
2022-11-07 17:02:24 [main] INFO  StartScreen:33 - NATIVE_APP
2022-11-07 17:02:26 [main] INFO  StartScreen:36 - NATIVE_APP
2022-11-07 17:02:27 [main] INFO  StartScreen:39 - NATIVE_APP
2022-11-07 17:02:30 [main] INFO  StartScreen:43 - NATIVE_APP
2022-11-07 17:02:31 [main] INFO  hide_showAnimationScreen:42 - NATIVE_APP
2022-11-07 17:02:33 [main] INFO  hide_showAnimationScreen:47 - NATIVE_APP
2022-11-07 17:02:35 [main] INFO  hide_showAnimationScreen:52 - NATIVE_APP
2022-11-07 17:02:36 [main] INFO  hide_showAnimationScreen:55 - NATIVE_APP
2022-11-07 17:02:37 [main] INFO  hide_showAnimationScreen:60 - NATIVE_APP
2022-11-07 17:02:39 [main] INFO  hide_showAnimationScreen:63 - NATIVE_APP
2022-11-07 17:02:40 [main] INFO  hide_showAnimationScreen:68 - NATIVE_APP
2022-11-07 17:02:50 [main] INFO  RunnerClass:20 - device is initialized
2022-11-07 17:02:50 [main] INFO  StartScreen:33 - NATIVE_APP
2022-11-07 17:02:53 [main] INFO  StartScreen:36 - NATIVE_APP
2022-11-07 17:02:55 [main] INFO  StartScreen:39 - NATIVE_APP
2022-11-07 17:02:57 [main] INFO  StartScreen:43 - NATIVE_APP
2022-11-07 17:02:58 [main] INFO  hide_showAnimationScreen:42 - NATIVE_APP
2022-11-07 17:03:00 [main] INFO  ViewFlipScreen:29 - NATIVE_APP
2022-11-07 17:03:04 [main] INFO  ViewFlipScreen:35 - NATIVE_APP
2022-11-07 17:03:14 [main] INFO  RunnerClass:20 - device is initialized
2022-11-07 17:03:14 [main] INFO  StartScreen:33 - NATIVE_APP
2022-11-07 17:03:17 [main] INFO  StartScreen:36 - NATIVE_APP
2022-11-07 17:03:20 [main] INFO  StartScreen:39 - NATIVE_APP
2022-11-07 17:03:22 [main] INFO  StartScreen:43 - NATIVE_APP
2022-11-07 17:03:23 [main] INFO  display_options:32 - NATIVE_APP
2022-11-07 17:03:25 [main] INFO  display_options:37 - NATIVE_APP
2022-11-07 17:03:27 [main] INFO  display_options:42 - NATIVE_APP
2022-11-07 17:03:29 [main] INFO  display_options:47 - NATIVE_APP
2022-11-07 17:03:40 [main] INFO  RunnerClass:20 - device is initialized
2022-11-07 17:03:40 [main] INFO  StartScreen:33 - NATIVE_APP
2022-11-07 17:03:50 [main] INFO  RunnerClass:20 - device is initialized
2022-11-07 17:03:50 [main] INFO  StartScreen:33 - NATIVE_APP
2022-11-07 17:03:52 [main] INFO  StartScreen:36 - NATIVE_APP
2022-11-07 17:03:54 [main] INFO  StartScreen:39 - NATIVE_APP
2022-11-07 17:03:56 [main] INFO  StartScreen:43 - NATIVE_APP
2022-11-07 17:03:57 [main] INFO  display_options:32 - NATIVE_APP
2022-11-07 17:04:00 [main] INFO  SearchScreen:35 - NATIVE_APP
2022-11-07 17:04:02 [main] INFO  SearchScreen:40 - NATIVE_APP
2022-11-07 17:04:04 [main] INFO  SearchScreen:45 - NATIVE_APP
2022-11-07 17:04:14 [main] INFO  RunnerClass:20 - device is initialized
2022-11-07 17:04:14 [main] INFO  StartScreen:33 - NATIVE_APP
2022-11-07 17:04:16 [main] INFO  StartScreen:36 - NATIVE_APP
2022-11-07 17:04:18 [main] INFO  StartScreen:39 - NATIVE_APP
2022-11-07 17:04:21 [main] INFO  StartScreen:43 - NATIVE_APP
2022-11-07 17:04:42 [main] INFO  RunnerClass:20 - device is initialized
2022-11-07 17:04:42 [main] INFO  StartScreen:33 - NATIVE_APP
2022-11-07 17:04:45 [main] INFO  StartScreen:36 - NATIVE_APP
2022-11-07 17:04:47 [main] INFO  StartScreen:39 - NATIVE_APP
2022-11-07 17:04:50 [main] INFO  StartScreen:43 - NATIVE_APP
2022-11-07 17:04:54 [main] INFO  MediaProjectionScreen:33 - NATIVE_APP
2022-11-07 17:04:59 [main] INFO  RunnerClass:70 - Appium server stopped
2022-11-07 17:07:07 [main] INFO  RunnerClass:40 - Appium Server started
2022-11-07 17:07:19 [main] INFO  RunnerClass:14 - device is initialized
2022-11-07 17:07:19 [main] INFO  StartScreen:33 - NATIVE_APP
2022-11-07 17:07:22 [main] INFO  StartScreen:36 - NATIVE_APP
2022-11-07 17:07:23 [main] INFO  StartScreen:39 - NATIVE_APP
2022-11-07 17:07:27 [main] INFO  StartScreen:43 - NATIVE_APP
2022-11-07 17:07:28 [main] INFO  hide_showAnimationScreen:42 - NATIVE_APP
2022-11-07 17:07:31 [main] INFO  hide_showAnimationScreen:47 - NATIVE_APP
2022-11-07 17:07:33 [main] INFO  hide_showAnimationScreen:52 - NATIVE_APP
2022-11-07 17:07:34 [main] INFO  hide_showAnimationScreen:55 - NATIVE_APP
2022-11-07 17:07:35 [main] INFO  hide_showAnimationScreen:60 - NATIVE_APP
2022-11-07 17:07:36 [main] INFO  hide_showAnimationScreen:63 - NATIVE_APP
2022-11-07 17:07:37 [main] INFO  hide_showAnimationScreen:68 - NATIVE_APP
2022-11-07 17:07:39 [main] INFO  RunnerClass:19 - driver is stopped
2022-11-07 17:07:51 [main] INFO  RunnerClass:14 - device is initialized
2022-11-07 17:07:51 [main] INFO  StartScreen:33 - NATIVE_APP
2022-11-07 17:07:53 [main] INFO  StartScreen:36 - NATIVE_APP
2022-11-07 17:07:56 [main] INFO  StartScreen:39 - NATIVE_APP
2022-11-07 17:07:59 [main] INFO  StartScreen:43 - NATIVE_APP
2022-11-07 17:08:00 [main] INFO  hide_showAnimationScreen:42 - NATIVE_APP
2022-11-07 17:08:03 [main] INFO  ViewFlipScreen:29 - NATIVE_APP
2022-11-07 17:08:07 [main] INFO  ViewFlipScreen:35 - NATIVE_APP
2022-11-07 17:08:08 [main] INFO  RunnerClass:19 - driver is stopped
2022-11-07 17:08:20 [main] INFO  RunnerClass:14 - device is initialized
2022-11-07 17:08:20 [main] INFO  StartScreen:33 - NATIVE_APP
2022-11-07 17:08:22 [main] INFO  StartScreen:36 - NATIVE_APP
2022-11-07 17:08:24 [main] INFO  StartScreen:39 - NATIVE_APP
2022-11-07 17:08:28 [main] INFO  StartScreen:43 - NATIVE_APP
2022-11-07 17:08:29 [main] INFO  display_options:32 - NATIVE_APP
2022-11-07 17:08:31 [main] INFO  display_options:37 - NATIVE_APP
2022-11-07 17:08:33 [main] INFO  display_options:42 - NATIVE_APP
2022-11-07 17:08:36 [main] INFO  display_options:47 - NATIVE_APP
2022-11-07 17:08:37 [main] INFO  RunnerClass:19 - driver is stopped
2022-11-07 17:08:48 [main] INFO  RunnerClass:14 - device is initialized
2022-11-07 17:08:48 [main] INFO  StartScreen:33 - NATIVE_APP
2022-11-07 17:08:50 [main] INFO  StartScreen:36 - NATIVE_APP
2022-11-07 17:08:52 [main] INFO  StartScreen:39 - NATIVE_APP
2022-11-07 17:08:55 [main] INFO  StartScreen:43 - NATIVE_APP
2022-11-07 17:08:56 [main] INFO  display_options:32 - NATIVE_APP
2022-11-07 17:08:59 [main] INFO  SearchScreen:35 - NATIVE_APP
2022-11-07 17:09:01 [main] INFO  SearchScreen:40 - NATIVE_APP
2022-11-07 17:09:03 [main] INFO  SearchScreen:45 - NATIVE_APP
2022-11-07 17:09:04 [main] INFO  SearchScreen:48 - NATIVE_APP
2022-11-07 17:09:05 [main] INFO  SearchScreen:53 - NATIVE_APP
2022-11-07 17:09:08 [main] INFO  RunnerClass:19 - driver is stopped
2022-11-07 17:09:19 [main] INFO  RunnerClass:14 - device is initialized
2022-11-07 17:09:19 [main] INFO  StartScreen:33 - NATIVE_APP
2022-11-07 17:09:21 [main] INFO  StartScreen:36 - NATIVE_APP
2022-11-07 17:09:23 [main] INFO  StartScreen:39 - NATIVE_APP
2022-11-07 17:09:26 [main] INFO  StartScreen:43 - NATIVE_APP
2022-11-07 17:09:27 [main] INFO  display_options:32 - NATIVE_APP
2022-11-07 17:09:29 [main] INFO  SearchScreen:35 - NATIVE_APP
2022-11-07 17:09:31 [main] INFO  SearchScreen:40 - NATIVE_APP
2022-11-07 17:09:33 [main] INFO  SearchScreen:45 - NATIVE_APP
2022-11-07 17:09:34 [main] INFO  SearchScreen:48 - NATIVE_APP
2022-11-07 17:09:36 [main] INFO  SearchScreen:53 - NATIVE_APP
2022-11-07 17:09:38 [main] INFO  RunnerClass:19 - driver is stopped
2022-11-07 17:09:48 [main] INFO  RunnerClass:14 - device is initialized
2022-11-07 17:09:48 [main] INFO  StartScreen:33 - NATIVE_APP
2022-11-07 17:09:50 [main] INFO  StartScreen:36 - NATIVE_APP
2022-11-07 17:09:52 [main] INFO  StartScreen:39 - NATIVE_APP
2022-11-07 17:09:55 [main] INFO  StartScreen:43 - NATIVE_APP
2022-11-07 17:10:01 [main] INFO  RunnerClass:19 - driver is stopped
2022-11-07 17:10:12 [main] INFO  RunnerClass:14 - device is initialized
2022-11-07 17:10:12 [main] INFO  StartScreen:33 - NATIVE_APP
2022-11-07 17:10:15 [main] INFO  StartScreen:36 - NATIVE_APP
2022-11-07 17:10:16 [main] INFO  StartScreen:39 - NATIVE_APP
2022-11-07 17:10:19 [main] INFO  StartScreen:43 - NATIVE_APP
2022-11-07 17:10:22 [main] INFO  MediaProjectionScreen:33 - NATIVE_APP
2022-11-07 17:10:27 [main] INFO  RunnerClass:19 - driver is stopped
2022-11-07 17:10:28 [main] INFO  RunnerClass:70 - Appium server stopped
2022-11-07 17:13:01 [main] INFO  RunnerClass:40 - Appium Server started
2022-11-07 17:13:11 [main] INFO  RunnerClass:14 - device is initialized
2022-11-07 17:13:11 [main] INFO  StartScreen:33 - NATIVE_APP
2022-11-07 17:13:14 [main] INFO  StartScreen:36 - NATIVE_APP
2022-11-07 17:13:15 [main] INFO  StartScreen:39 - NATIVE_APP
2022-11-07 17:13:17 [main] INFO  StartScreen:43 - NATIVE_APP
2022-11-07 17:13:18 [main] INFO  hide_showAnimationScreen:42 - NATIVE_APP
2022-11-07 17:13:21 [main] INFO  hide_showAnimationScreen:47 - NATIVE_APP
2022-11-07 17:13:23 [main] INFO  hide_showAnimationScreen:52 - NATIVE_APP
2022-11-07 17:13:24 [main] INFO  hide_showAnimationScreen:55 - NATIVE_APP
2022-11-07 17:13:25 [main] INFO  hide_showAnimationScreen:60 - NATIVE_APP
2022-11-07 17:13:26 [main] INFO  hide_showAnimationScreen:63 - NATIVE_APP
2022-11-07 17:13:27 [main] INFO  hide_showAnimationScreen:68 - NATIVE_APP
2022-11-07 17:13:29 [main] INFO  RunnerClass:19 - driver is stopped
2022-11-07 17:13:39 [main] INFO  RunnerClass:14 - device is initialized
2022-11-07 17:13:39 [main] INFO  StartScreen:33 - NATIVE_APP
2022-11-07 17:13:42 [main] INFO  StartScreen:36 - NATIVE_APP
2022-11-07 17:13:43 [main] INFO  StartScreen:39 - NATIVE_APP
2022-11-07 17:13:46 [main] INFO  StartScreen:43 - NATIVE_APP
2022-11-07 17:13:47 [main] INFO  hide_showAnimationScreen:42 - NATIVE_APP
2022-11-07 17:13:49 [main] INFO  ViewFlipScreen:29 - NATIVE_APP
2022-11-07 17:13:52 [main] INFO  ViewFlipScreen:35 - NATIVE_APP
2022-11-07 17:13:53 [main] INFO  RunnerClass:19 - driver is stopped
2022-11-07 17:14:03 [main] INFO  RunnerClass:14 - device is initialized
2022-11-07 17:14:03 [main] INFO  StartScreen:33 - NATIVE_APP
2022-11-07 17:14:06 [main] INFO  StartScreen:36 - NATIVE_APP
2022-11-07 17:14:07 [main] INFO  StartScreen:39 - NATIVE_APP
2022-11-07 17:14:10 [main] INFO  StartScreen:43 - NATIVE_APP
2022-11-07 17:14:11 [main] INFO  display_options:32 - NATIVE_APP
2022-11-07 17:14:14 [main] INFO  display_options:37 - NATIVE_APP
2022-11-07 17:14:16 [main] INFO  display_options:42 - NATIVE_APP
2022-11-07 17:14:18 [main] INFO  display_options:47 - NATIVE_APP
2022-11-07 17:14:20 [main] INFO  RunnerClass:19 - driver is stopped
2022-11-07 17:14:31 [main] INFO  RunnerClass:14 - device is initialized
2022-11-07 17:14:31 [main] INFO  StartScreen:33 - NATIVE_APP
2022-11-07 17:14:33 [main] INFO  StartScreen:36 - NATIVE_APP
2022-11-07 17:14:35 [main] INFO  StartScreen:39 - NATIVE_APP
2022-11-07 17:14:38 [main] INFO  StartScreen:43 - NATIVE_APP
2022-11-07 17:14:39 [main] INFO  display_options:32 - NATIVE_APP
2022-11-07 17:14:42 [main] INFO  SearchScreen:35 - NATIVE_APP
2022-11-07 17:14:44 [main] INFO  SearchScreen:40 - NATIVE_APP
2022-11-07 17:14:46 [main] INFO  SearchScreen:45 - NATIVE_APP
2022-11-07 17:14:47 [main] INFO  SearchScreen:48 - NATIVE_APP
2022-11-07 17:14:48 [main] INFO  SearchScreen:53 - NATIVE_APP
2022-11-07 17:14:50 [main] INFO  RunnerClass:19 - driver is stopped
2022-11-07 17:15:02 [main] INFO  RunnerClass:14 - device is initialized
2022-11-07 17:15:02 [main] INFO  StartScreen:33 - NATIVE_APP
2022-11-07 17:15:04 [main] INFO  StartScreen:36 - NATIVE_APP
2022-11-07 17:15:07 [main] INFO  StartScreen:39 - NATIVE_APP
2022-11-07 17:15:11 [main] INFO  StartScreen:43 - NATIVE_APP
2022-11-07 17:15:12 [main] INFO  display_options:32 - NATIVE_APP
2022-11-07 17:15:14 [main] INFO  SearchScreen:35 - NATIVE_APP
2022-11-07 17:15:17 [main] INFO  SearchScreen:40 - NATIVE_APP
2022-11-07 17:15:19 [main] INFO  SearchScreen:45 - NATIVE_APP
2022-11-07 17:15:20 [main] INFO  SearchScreen:48 - NATIVE_APP
2022-11-07 17:15:21 [main] INFO  SearchScreen:53 - NATIVE_APP
2022-11-07 17:15:23 [main] INFO  RunnerClass:19 - driver is stopped
2022-11-07 17:15:37 [main] INFO  RunnerClass:14 - device is initialized
2022-11-07 17:15:37 [main] INFO  StartScreen:33 - NATIVE_APP
2022-11-07 17:15:40 [main] INFO  StartScreen:36 - NATIVE_APP
2022-11-07 17:15:43 [main] INFO  StartScreen:39 - NATIVE_APP
2022-11-07 17:15:48 [main] INFO  StartScreen:43 - NATIVE_APP
2022-11-07 17:15:56 [main] INFO  RunnerClass:19 - driver is stopped
2022-11-07 17:16:10 [main] INFO  RunnerClass:14 - device is initialized
2022-11-07 17:16:10 [main] INFO  StartScreen:33 - NATIVE_APP
2022-11-07 17:16:12 [main] INFO  StartScreen:36 - NATIVE_APP
2022-11-07 17:16:14 [main] INFO  StartScreen:39 - NATIVE_APP
2022-11-07 17:16:17 [main] INFO  StartScreen:43 - NATIVE_APP
2022-11-07 17:16:21 [main] INFO  MediaProjectionScreen:33 - NATIVE_APP
2022-11-07 17:16:27 [main] INFO  RunnerClass:19 - driver is stopped
2022-11-07 17:16:28 [main] INFO  RunnerClass:70 - Appium server stopped
2022-11-07 19:33:26 [main] INFO  RunnerClass:40 - Appium Server started
2022-11-07 19:33:36 [main] INFO  RunnerClass:14 - device is initialized
2022-11-07 19:33:36 [main] INFO  StartScreen:33 - NATIVE_APP
2022-11-07 19:33:39 [main] INFO  StartScreen:36 - NATIVE_APP
2022-11-07 19:33:40 [main] INFO  StartScreen:39 - NATIVE_APP
2022-11-07 19:33:42 [main] INFO  StartScreen:43 - NATIVE_APP
2022-11-07 19:33:43 [main] INFO  hide_showAnimationScreen:42 - NATIVE_APP
2022-11-07 19:33:45 [main] INFO  hide_showAnimationScreen:47 - NATIVE_APP
2022-11-07 19:33:47 [main] INFO  hide_showAnimationScreen:52 - NATIVE_APP
2022-11-07 19:33:48 [main] INFO  hide_showAnimationScreen:55 - NATIVE_APP
2022-11-07 19:33:49 [main] INFO  hide_showAnimationScreen:60 - NATIVE_APP
2022-11-07 19:33:50 [main] INFO  hide_showAnimationScreen:63 - NATIVE_APP
2022-11-07 19:33:52 [main] INFO  hide_showAnimationScreen:68 - NATIVE_APP
2022-11-07 19:33:54 [main] INFO  RunnerClass:19 - driver is stopped
2022-11-07 19:34:03 [main] INFO  RunnerClass:14 - device is initialized
2022-11-07 19:34:03 [main] INFO  StartScreen:33 - NATIVE_APP
2022-11-07 19:34:06 [main] INFO  StartScreen:36 - NATIVE_APP
2022-11-07 19:34:07 [main] INFO  StartScreen:39 - NATIVE_APP
2022-11-07 19:34:09 [main] INFO  StartScreen:43 - NATIVE_APP
2022-11-07 19:34:10 [main] INFO  hide_showAnimationScreen:42 - NATIVE_APP
2022-11-07 19:34:12 [main] INFO  ViewFlipScreen:29 - NATIVE_APP
2022-11-07 19:34:15 [main] INFO  ViewFlipScreen:35 - NATIVE_APP
2022-11-07 19:34:17 [main] INFO  RunnerClass:19 - driver is stopped
2022-11-07 19:34:27 [main] INFO  RunnerClass:14 - device is initialized
2022-11-07 19:34:27 [main] INFO  StartScreen:33 - NATIVE_APP
2022-11-07 19:34:29 [main] INFO  StartScreen:36 - NATIVE_APP
2022-11-07 19:34:31 [main] INFO  StartScreen:39 - NATIVE_APP
2022-11-07 19:34:33 [main] INFO  StartScreen:43 - NATIVE_APP
2022-11-07 19:34:34 [main] INFO  display_options:34 - NATIVE_APP
2022-11-07 19:34:36 [main] INFO  display_options:39 - NATIVE_APP
2022-11-07 19:34:38 [main] INFO  display_options:44 - NATIVE_APP
2022-11-07 19:34:40 [main] INFO  display_options:49 - NATIVE_APP
2022-11-07 19:34:42 [main] INFO  RunnerClass:19 - driver is stopped
2022-11-07 19:34:51 [main] INFO  RunnerClass:14 - device is initialized
2022-11-07 19:34:51 [main] INFO  StartScreen:33 - NATIVE_APP
2022-11-07 19:34:53 [main] INFO  StartScreen:36 - NATIVE_APP
2022-11-07 19:34:55 [main] INFO  StartScreen:39 - NATIVE_APP
2022-11-07 19:34:57 [main] INFO  StartScreen:43 - NATIVE_APP
2022-11-07 19:34:58 [main] INFO  display_options:34 - NATIVE_APP
2022-11-07 19:35:00 [main] INFO  SearchScreen:35 - NATIVE_APP
2022-11-07 19:35:03 [main] INFO  SearchScreen:40 - NATIVE_APP
2022-11-07 19:35:05 [main] INFO  SearchScreen:45 - NATIVE_APP
2022-11-07 19:35:06 [main] INFO  SearchScreen:48 - NATIVE_APP
2022-11-07 19:35:07 [main] INFO  SearchScreen:53 - NATIVE_APP
2022-11-07 19:35:08 [main] INFO  RunnerClass:19 - driver is stopped
2022-11-07 19:35:17 [main] INFO  RunnerClass:14 - device is initialized
2022-11-07 19:35:17 [main] INFO  StartScreen:33 - NATIVE_APP
2022-11-07 19:35:20 [main] INFO  StartScreen:36 - NATIVE_APP
2022-11-07 19:35:21 [main] INFO  StartScreen:39 - NATIVE_APP
2022-11-07 19:35:23 [main] INFO  StartScreen:43 - NATIVE_APP
2022-11-07 19:35:25 [main] INFO  display_options:34 - NATIVE_APP
2022-11-07 19:35:27 [main] INFO  SearchScreen:35 - NATIVE_APP
2022-11-07 19:35:29 [main] INFO  SearchScreen:40 - NATIVE_APP
2022-11-07 19:35:31 [main] INFO  SearchScreen:45 - NATIVE_APP
2022-11-07 19:35:32 [main] INFO  SearchScreen:48 - NATIVE_APP
2022-11-07 19:35:33 [main] INFO  SearchScreen:53 - NATIVE_APP
2022-11-07 19:35:34 [main] INFO  RunnerClass:19 - driver is stopped
2022-11-07 19:35:43 [main] INFO  RunnerClass:14 - device is initialized
2022-11-07 19:35:43 [main] INFO  StartScreen:33 - NATIVE_APP
2022-11-07 19:35:46 [main] INFO  StartScreen:36 - NATIVE_APP
2022-11-07 19:35:47 [main] INFO  StartScreen:39 - NATIVE_APP
2022-11-07 19:35:50 [main] INFO  StartScreen:43 - NATIVE_APP
2022-11-07 19:35:51 [main] INFO  MediaPlayerScreen:33 - NATIVE_APP
2022-11-07 19:35:53 [main] INFO  MediaPlayerScreen:38 - NATIVE_APP
2022-11-07 19:35:55 [main] INFO  MediaPlayerScreen:43 - NATIVE_APP
2022-11-07 19:35:56 [main] INFO  MediaPlayerScreen:49 - Media/MediaPlayer
2022-11-07 19:35:56 [main] INFO  RunnerClass:19 - driver is stopped
2022-11-07 19:36:05 [main] INFO  RunnerClass:14 - device is initialized
2022-11-07 19:36:05 [main] INFO  StartScreen:33 - NATIVE_APP
2022-11-07 19:36:08 [main] INFO  StartScreen:36 - NATIVE_APP
2022-11-07 19:36:09 [main] INFO  StartScreen:39 - NATIVE_APP
2022-11-07 19:36:11 [main] INFO  StartScreen:43 - NATIVE_APP
2022-11-07 19:36:12 [main] INFO  MediaPlayerScreen:33 - NATIVE_APP
2022-11-07 19:36:15 [main] INFO  MediaProjectionScreen:38 - NATIVE_APP
2022-11-07 19:36:17 [main] INFO  MediaProjectionScreen:43 - NATIVE_APP
2022-11-07 19:36:18 [main] INFO  MediaProjectionScreen:46 - NATIVE_APP
2022-11-07 19:36:19 [main] INFO  MediaProjectionScreen:51 - NATIVE_APP
2022-11-07 19:36:24 [main] INFO  MediaProjectionScreen:59 - Media/MediaProjection
2022-11-07 19:36:24 [main] INFO  RunnerClass:19 - driver is stopped
2022-11-07 19:36:24 [main] INFO  RunnerClass:70 - Appium server stopped
2022-11-08 20:04:57 [main] INFO  RunnerClass:47 - Appium Server started
2022-11-08 20:05:07 [main] INFO  RunnerClass:14 - device is initialized
2022-11-08 20:05:08 [main] INFO  StartScreen:33 - NATIVE_APP
2022-11-08 20:05:10 [main] INFO  StartScreen:36 - NATIVE_APP
2022-11-08 20:05:12 [main] INFO  StartScreen:39 - NATIVE_APP
2022-11-08 20:05:15 [main] INFO  StartScreen:43 - NATIVE_APP
2022-11-08 20:05:16 [main] INFO  hide_showAnimationScreen:42 - NATIVE_APP
2022-11-08 20:05:18 [main] INFO  hide_showAnimationScreen:47 - NATIVE_APP
2022-11-08 20:05:20 [main] INFO  hide_showAnimationScreen:52 - NATIVE_APP
2022-11-08 20:05:21 [main] INFO  hide_showAnimationScreen:55 - NATIVE_APP
2022-11-08 20:05:23 [main] INFO  hide_showAnimationScreen:60 - NATIVE_APP
2022-11-08 20:05:24 [main] INFO  hide_showAnimationScreen:63 - NATIVE_APP
2022-11-08 20:05:25 [main] INFO  hide_showAnimationScreen:68 - NATIVE_APP
2022-11-08 20:05:26 [main] INFO  RunnerClass:19 - driver is stopped
2022-11-08 20:05:33 [main] INFO  RunnerClass:14 - device is initialized
2022-11-08 20:05:33 [main] INFO  StartScreen:33 - NATIVE_APP
2022-11-08 20:05:36 [main] INFO  StartScreen:36 - NATIVE_APP
2022-11-08 20:05:37 [main] INFO  StartScreen:39 - NATIVE_APP
2022-11-08 20:05:40 [main] INFO  StartScreen:43 - NATIVE_APP
2022-11-08 20:05:41 [main] INFO  hide_showAnimationScreen:42 - NATIVE_APP
2022-11-08 20:05:43 [main] INFO  ViewFlipScreen:29 - NATIVE_APP
2022-11-08 20:05:46 [main] INFO  ViewFlipScreen:35 - NATIVE_APP
2022-11-08 20:05:48 [main] INFO  RunnerClass:19 - driver is stopped
2022-11-08 20:08:37 [main] INFO  RunnerClass:41 - Appium Server started
2022-11-08 20:08:44 [main] INFO  RunnerClass:14 - device is initialized
2022-11-08 20:08:44 [main] INFO  StartScreen:33 - NATIVE_APP
2022-11-08 20:08:47 [main] INFO  StartScreen:36 - NATIVE_APP
2022-11-08 20:08:48 [main] INFO  StartScreen:39 - NATIVE_APP
2022-11-08 20:08:50 [main] INFO  StartScreen:43 - NATIVE_APP
2022-11-08 20:08:51 [main] INFO  hide_showAnimationScreen:42 - NATIVE_APP
2022-11-08 20:08:53 [main] INFO  hide_showAnimationScreen:47 - NATIVE_APP
2022-11-08 20:08:55 [main] INFO  hide_showAnimationScreen:52 - NATIVE_APP
2022-11-08 20:08:56 [main] INFO  hide_showAnimationScreen:55 - NATIVE_APP
2022-11-08 20:08:58 [main] INFO  hide_showAnimationScreen:60 - NATIVE_APP
2022-11-08 20:08:59 [main] INFO  hide_showAnimationScreen:63 - NATIVE_APP
2022-11-08 20:09:00 [main] INFO  hide_showAnimationScreen:68 - NATIVE_APP
2022-11-08 20:09:01 [main] INFO  RunnerClass:19 - driver is stopped
2022-11-08 20:09:08 [main] INFO  RunnerClass:14 - device is initialized
2022-11-08 20:09:08 [main] INFO  StartScreen:33 - NATIVE_APP
2022-11-08 20:09:10 [main] INFO  StartScreen:36 - NATIVE_APP
2022-11-08 20:09:12 [main] INFO  StartScreen:39 - NATIVE_APP
2022-11-08 20:09:14 [main] INFO  StartScreen:43 - NATIVE_APP
2022-11-08 20:09:15 [main] INFO  hide_showAnimationScreen:42 - NATIVE_APP
2022-11-08 20:09:17 [main] INFO  ViewFlipScreen:29 - NATIVE_APP
2022-11-08 20:09:21 [main] INFO  ViewFlipScreen:35 - NATIVE_APP
2022-11-08 20:09:22 [main] INFO  RunnerClass:19 - driver is stopped
2022-11-08 20:09:29 [main] INFO  RunnerClass:14 - device is initialized
2022-11-08 20:09:29 [main] INFO  StartScreen:33 - NATIVE_APP
2022-11-08 20:09:31 [main] INFO  StartScreen:36 - NATIVE_APP
2022-11-08 20:09:32 [main] INFO  StartScreen:39 - NATIVE_APP
2022-11-08 20:09:35 [main] INFO  StartScreen:43 - NATIVE_APP
2022-11-08 20:09:36 [main] INFO  display_options:34 - NATIVE_APP
2022-11-08 20:09:38 [main] INFO  display_options:39 - NATIVE_APP
2022-11-08 20:09:40 [main] INFO  display_options:44 - NATIVE_APP
2022-11-08 20:09:42 [main] INFO  display_options:49 - NATIVE_APP
2022-11-08 20:09:43 [main] INFO  RunnerClass:19 - driver is stopped
2022-11-08 20:09:50 [main] INFO  RunnerClass:14 - device is initialized
2022-11-08 20:09:50 [main] INFO  StartScreen:33 - NATIVE_APP
2022-11-08 20:09:53 [main] INFO  StartScreen:36 - NATIVE_APP
2022-11-08 20:09:54 [main] INFO  StartScreen:39 - NATIVE_APP
2022-11-08 20:09:57 [main] INFO  StartScreen:43 - NATIVE_APP
2022-11-08 20:09:58 [main] INFO  display_options:34 - NATIVE_APP
2022-11-08 20:10:00 [main] INFO  SearchScreen:35 - NATIVE_APP
2022-11-08 20:10:02 [main] INFO  SearchScreen:40 - NATIVE_APP
2022-11-08 20:10:04 [main] INFO  SearchScreen:45 - NATIVE_APP
2022-11-08 20:10:05 [main] INFO  SearchScreen:48 - NATIVE_APP
2022-11-08 20:10:06 [main] INFO  SearchScreen:53 - NATIVE_APP
2022-11-08 20:10:07 [main] INFO  RunnerClass:19 - driver is stopped
2022-11-08 20:10:14 [main] INFO  RunnerClass:14 - device is initialized
2022-11-08 20:10:14 [main] INFO  StartScreen:33 - NATIVE_APP
2022-11-08 20:10:17 [main] INFO  StartScreen:36 - NATIVE_APP
2022-11-08 20:10:18 [main] INFO  StartScreen:39 - NATIVE_APP
2022-11-08 20:10:21 [main] INFO  StartScreen:43 - NATIVE_APP
2022-11-08 20:10:22 [main] INFO  display_options:34 - NATIVE_APP
2022-11-08 20:10:24 [main] INFO  SearchScreen:35 - NATIVE_APP
2022-11-08 20:10:26 [main] INFO  SearchScreen:40 - NATIVE_APP
2022-11-08 20:10:28 [main] INFO  SearchScreen:45 - NATIVE_APP
2022-11-08 20:10:29 [main] INFO  SearchScreen:48 - NATIVE_APP
2022-11-08 20:10:30 [main] INFO  SearchScreen:53 - NATIVE_APP
2022-11-08 20:10:31 [main] INFO  RunnerClass:19 - driver is stopped
2022-11-08 20:10:38 [main] INFO  RunnerClass:14 - device is initialized
2022-11-08 20:10:38 [main] INFO  StartScreen:33 - NATIVE_APP
2022-11-08 20:10:41 [main] INFO  StartScreen:36 - NATIVE_APP
2022-11-08 20:10:43 [main] INFO  StartScreen:39 - NATIVE_APP
2022-11-08 20:10:46 [main] INFO  StartScreen:43 - NATIVE_APP
2022-11-08 20:10:47 [main] INFO  MediaPlayerScreen:33 - NATIVE_APP
2022-11-08 20:10:49 [main] INFO  MediaPlayerScreen:38 - NATIVE_APP
2022-11-08 20:10:51 [main] INFO  MediaPlayerScreen:43 - NATIVE_APP
2022-11-08 20:10:53 [main] INFO  MediaPlayerScreen:49 - Media/MediaPlayer
2022-11-08 20:10:53 [main] INFO  RunnerClass:19 - driver is stopped
2022-11-08 20:10:59 [main] INFO  RunnerClass:14 - device is initialized
2022-11-08 20:10:59 [main] INFO  StartScreen:33 - NATIVE_APP
2022-11-08 20:11:02 [main] INFO  StartScreen:36 - NATIVE_APP
2022-11-08 20:11:03 [main] INFO  StartScreen:39 - NATIVE_APP
2022-11-08 20:11:06 [main] INFO  StartScreen:43 - NATIVE_APP
2022-11-08 20:11:08 [main] INFO  MediaPlayerScreen:33 - NATIVE_APP
2022-11-08 20:11:10 [main] INFO  MediaProjectionScreen:38 - NATIVE_APP
2022-11-08 20:11:12 [main] INFO  MediaProjectionScreen:43 - NATIVE_APP
2022-11-08 20:11:13 [main] INFO  MediaProjectionScreen:46 - NATIVE_APP
2022-11-08 20:11:15 [main] INFO  MediaProjectionScreen:51 - NATIVE_APP
2022-11-08 20:11:21 [main] INFO  RunnerClass:19 - driver is stopped
2022-11-08 20:11:21 [main] INFO  RunnerClass:71 - Appium server stopped
2022-11-08 20:13:22 [main] INFO  RunnerClass:40 - Appium Server started
2022-11-08 20:13:29 [main] INFO  RunnerClass:14 - device is initialized
2022-11-08 20:13:29 [main] INFO  StartScreen:33 - NATIVE_APP
2022-11-08 20:13:32 [main] INFO  StartScreen:36 - NATIVE_APP
2022-11-08 20:13:33 [main] INFO  StartScreen:39 - NATIVE_APP
2022-11-08 20:13:35 [main] INFO  StartScreen:43 - NATIVE_APP
2022-11-08 20:13:37 [main] INFO  hide_showAnimationScreen:42 - NATIVE_APP
2022-11-08 20:13:39 [main] INFO  hide_showAnimationScreen:47 - NATIVE_APP
2022-11-08 20:13:41 [main] INFO  hide_showAnimationScreen:52 - NATIVE_APP
2022-11-08 20:13:42 [main] INFO  hide_showAnimationScreen:55 - NATIVE_APP
2022-11-08 20:13:43 [main] INFO  hide_showAnimationScreen:60 - NATIVE_APP
2022-11-08 20:13:44 [main] INFO  hide_showAnimationScreen:63 - NATIVE_APP
2022-11-08 20:13:45 [main] INFO  hide_showAnimationScreen:68 - NATIVE_APP
2022-11-08 20:13:46 [main] INFO  RunnerClass:19 - driver is stopped
2022-11-08 20:13:53 [main] INFO  RunnerClass:14 - device is initialized
2022-11-08 20:13:53 [main] INFO  StartScreen:33 - NATIVE_APP
2022-11-08 20:13:55 [main] INFO  StartScreen:36 - NATIVE_APP
2022-11-08 20:13:57 [main] INFO  StartScreen:39 - NATIVE_APP
2022-11-08 20:13:59 [main] INFO  StartScreen:43 - NATIVE_APP
2022-11-08 20:14:00 [main] INFO  hide_showAnimationScreen:42 - NATIVE_APP
2022-11-08 20:14:03 [main] INFO  ViewFlipScreen:29 - NATIVE_APP
2022-11-08 20:14:06 [main] INFO  ViewFlipScreen:35 - NATIVE_APP
2022-11-08 20:14:07 [main] INFO  RunnerClass:19 - driver is stopped
2022-11-08 20:14:14 [main] INFO  RunnerClass:14 - device is initialized
2022-11-08 20:14:14 [main] INFO  StartScreen:33 - NATIVE_APP
2022-11-08 20:14:16 [main] INFO  StartScreen:36 - NATIVE_APP
2022-11-08 20:14:17 [main] INFO  StartScreen:39 - NATIVE_APP
2022-11-08 20:14:20 [main] INFO  StartScreen:43 - NATIVE_APP
2022-11-08 20:14:21 [main] INFO  display_options:34 - NATIVE_APP
2022-11-08 20:14:23 [main] INFO  display_options:39 - NATIVE_APP
2022-11-08 20:14:25 [main] INFO  display_options:44 - NATIVE_APP
2022-11-08 20:14:27 [main] INFO  display_options:49 - NATIVE_APP
2022-11-08 20:14:28 [main] INFO  RunnerClass:19 - driver is stopped
2022-11-08 20:14:34 [main] INFO  RunnerClass:14 - device is initialized
2022-11-08 20:14:34 [main] INFO  StartScreen:33 - NATIVE_APP
2022-11-08 20:14:37 [main] INFO  StartScreen:36 - NATIVE_APP
2022-11-08 20:14:39 [main] INFO  StartScreen:39 - NATIVE_APP
2022-11-08 20:14:42 [main] INFO  StartScreen:43 - NATIVE_APP
2022-11-08 20:14:43 [main] INFO  display_options:34 - NATIVE_APP
2022-11-08 20:14:45 [main] INFO  SearchScreen:35 - NATIVE_APP
2022-11-08 20:14:47 [main] INFO  SearchScreen:40 - NATIVE_APP
2022-11-08 20:14:49 [main] INFO  SearchScreen:45 - NATIVE_APP
2022-11-08 20:14:50 [main] INFO  SearchScreen:48 - NATIVE_APP
2022-11-08 20:14:51 [main] INFO  SearchScreen:53 - NATIVE_APP
2022-11-08 20:14:52 [main] INFO  RunnerClass:19 - driver is stopped
2022-11-08 20:14:59 [main] INFO  RunnerClass:14 - device is initialized
2022-11-08 20:14:59 [main] INFO  StartScreen:33 - NATIVE_APP
2022-11-08 20:15:01 [main] INFO  StartScreen:36 - NATIVE_APP
2022-11-08 20:15:02 [main] INFO  StartScreen:39 - NATIVE_APP
2022-11-08 20:15:05 [main] INFO  StartScreen:43 - NATIVE_APP
2022-11-08 20:15:06 [main] INFO  display_options:34 - NATIVE_APP
2022-11-08 20:15:09 [main] INFO  SearchScreen:35 - NATIVE_APP
2022-11-08 20:15:11 [main] INFO  SearchScreen:40 - NATIVE_APP
2022-11-08 20:15:13 [main] INFO  SearchScreen:45 - NATIVE_APP
2022-11-08 20:15:14 [main] INFO  SearchScreen:48 - NATIVE_APP
2022-11-08 20:15:15 [main] INFO  SearchScreen:53 - NATIVE_APP
2022-11-08 20:15:16 [main] INFO  RunnerClass:19 - driver is stopped
2022-11-08 20:15:22 [main] INFO  RunnerClass:14 - device is initialized
2022-11-08 20:15:22 [main] INFO  StartScreen:33 - NATIVE_APP
2022-11-08 20:15:25 [main] INFO  StartScreen:36 - NATIVE_APP
2022-11-08 20:15:26 [main] INFO  StartScreen:39 - NATIVE_APP
2022-11-08 20:15:29 [main] INFO  StartScreen:43 - NATIVE_APP
2022-11-08 20:15:30 [main] INFO  MediaPlayerScreen:33 - NATIVE_APP
2022-11-08 20:15:32 [main] INFO  MediaPlayerScreen:38 - NATIVE_APP
2022-11-08 20:15:34 [main] INFO  MediaPlayerScreen:43 - NATIVE_APP
2022-11-08 20:15:35 [main] INFO  MediaPlayerScreen:49 - Media/MediaPlayer
2022-11-08 20:15:35 [main] INFO  RunnerClass:19 - driver is stopped
2022-11-08 20:15:41 [main] INFO  RunnerClass:14 - device is initialized
2022-11-08 20:15:41 [main] INFO  StartScreen:33 - NATIVE_APP
2022-11-08 20:15:44 [main] INFO  StartScreen:36 - NATIVE_APP
2022-11-08 20:15:46 [main] INFO  StartScreen:39 - NATIVE_APP
2022-11-08 20:15:47 [main] INFO  RunnerClass:19 - driver is stopped
2022-11-08 20:15:47 [main] INFO  RunnerClass:70 - Appium server stopped
2022-11-08 20:17:02 [main] INFO  RunnerClass:40 - Appium Server started
2022-11-08 20:17:10 [main] INFO  RunnerClass:14 - device is initialized
2022-11-08 20:17:10 [main] INFO  StartScreen:33 - NATIVE_APP
2022-11-08 20:17:13 [main] INFO  StartScreen:36 - NATIVE_APP
2022-11-08 20:17:15 [main] INFO  StartScreen:39 - NATIVE_APP
2022-11-08 20:17:17 [main] INFO  StartScreen:43 - NATIVE_APP
2022-11-08 20:17:18 [main] INFO  hide_showAnimationScreen:42 - NATIVE_APP
2022-11-08 20:17:20 [main] INFO  hide_showAnimationScreen:47 - NATIVE_APP
2022-11-08 20:17:23 [main] INFO  hide_showAnimationScreen:52 - NATIVE_APP
2022-11-08 20:17:24 [main] INFO  hide_showAnimationScreen:55 - NATIVE_APP
2022-11-08 20:17:25 [main] INFO  hide_showAnimationScreen:60 - NATIVE_APP
2022-11-08 20:17:26 [main] INFO  hide_showAnimationScreen:63 - NATIVE_APP
2022-11-08 20:17:27 [main] INFO  hide_showAnimationScreen:68 - NATIVE_APP
2022-11-08 20:17:29 [main] INFO  RunnerClass:19 - driver is stopped
2022-11-08 20:17:36 [main] INFO  RunnerClass:14 - device is initialized
2022-11-08 20:17:36 [main] INFO  StartScreen:33 - NATIVE_APP
2022-11-08 20:17:38 [main] INFO  StartScreen:36 - NATIVE_APP
2022-11-08 20:17:39 [main] INFO  StartScreen:39 - NATIVE_APP
2022-11-08 20:17:43 [main] INFO  StartScreen:43 - NATIVE_APP
2022-11-08 20:17:44 [main] INFO  hide_showAnimationScreen:42 - NATIVE_APP
2022-11-08 20:17:46 [main] INFO  ViewFlipScreen:29 - NATIVE_APP
2022-11-08 20:17:50 [main] INFO  ViewFlipScreen:35 - NATIVE_APP
2022-11-08 20:17:51 [main] INFO  RunnerClass:19 - driver is stopped
2022-11-08 20:17:57 [main] INFO  RunnerClass:14 - device is initialized
2022-11-08 20:17:57 [main] INFO  StartScreen:33 - NATIVE_APP
2022-11-08 20:18:00 [main] INFO  StartScreen:36 - NATIVE_APP
2022-11-08 20:18:02 [main] INFO  StartScreen:39 - NATIVE_APP
2022-11-08 20:18:05 [main] INFO  StartScreen:43 - NATIVE_APP
2022-11-08 20:18:06 [main] INFO  display_options:34 - NATIVE_APP
2022-11-08 20:18:09 [main] INFO  display_options:39 - NATIVE_APP
2022-11-08 20:18:11 [main] INFO  display_options:44 - NATIVE_APP
2022-11-08 20:18:13 [main] INFO  display_options:49 - NATIVE_APP
2022-11-08 20:18:15 [main] INFO  RunnerClass:19 - driver is stopped
2022-11-08 20:18:21 [main] INFO  RunnerClass:14 - device is initialized
2022-11-08 20:18:21 [main] INFO  StartScreen:33 - NATIVE_APP
2022-11-08 20:18:24 [main] INFO  StartScreen:36 - NATIVE_APP
2022-11-08 20:18:26 [main] INFO  StartScreen:39 - NATIVE_APP
2022-11-08 20:18:29 [main] INFO  StartScreen:43 - NATIVE_APP
2022-11-08 20:18:30 [main] INFO  display_options:34 - NATIVE_APP
2022-11-08 20:18:33 [main] INFO  SearchScreen:35 - NATIVE_APP
2022-11-08 20:18:35 [main] INFO  SearchScreen:40 - NATIVE_APP
2022-11-08 20:18:37 [main] INFO  SearchScreen:45 - NATIVE_APP
2022-11-08 20:18:38 [main] INFO  SearchScreen:48 - NATIVE_APP
2022-11-08 20:18:39 [main] INFO  SearchScreen:53 - NATIVE_APP
2022-11-08 20:18:41 [main] INFO  RunnerClass:19 - driver is stopped
2022-11-08 20:18:47 [main] INFO  RunnerClass:14 - device is initialized
2022-11-08 20:18:47 [main] INFO  StartScreen:33 - NATIVE_APP
2022-11-08 20:18:49 [main] INFO  StartScreen:36 - NATIVE_APP
2022-11-08 20:18:51 [main] INFO  StartScreen:39 - NATIVE_APP
2022-11-08 20:18:53 [main] INFO  StartScreen:43 - NATIVE_APP
2022-11-08 20:18:54 [main] INFO  display_options:34 - NATIVE_APP
2022-11-08 20:18:57 [main] INFO  SearchScreen:35 - NATIVE_APP
2022-11-08 20:18:59 [main] INFO  SearchScreen:40 - NATIVE_APP
2022-11-08 20:19:01 [main] INFO  SearchScreen:45 - NATIVE_APP
2022-11-08 20:19:02 [main] INFO  SearchScreen:48 - NATIVE_APP
2022-11-08 20:19:03 [main] INFO  SearchScreen:53 - NATIVE_APP
2022-11-08 20:19:04 [main] INFO  RunnerClass:19 - driver is stopped
2022-11-08 20:19:11 [main] INFO  RunnerClass:14 - device is initialized
2022-11-08 20:19:11 [main] INFO  StartScreen:33 - NATIVE_APP
2022-11-08 20:19:13 [main] INFO  StartScreen:36 - NATIVE_APP
2022-11-08 20:19:14 [main] INFO  StartScreen:39 - NATIVE_APP
2022-11-08 20:19:17 [main] INFO  StartScreen:43 - NATIVE_APP
2022-11-08 20:19:18 [main] INFO  MediaPlayerScreen:33 - NATIVE_APP
2022-11-08 20:19:20 [main] INFO  MediaPlayerScreen:38 - NATIVE_APP
2022-11-08 20:19:22 [main] INFO  MediaPlayerScreen:43 - NATIVE_APP
2022-11-08 20:19:23 [main] INFO  MediaPlayerScreen:49 - Media/MediaPlayer
2022-11-08 20:19:23 [main] INFO  RunnerClass:19 - driver is stopped
2022-11-08 20:19:30 [main] INFO  RunnerClass:14 - device is initialized
2022-11-08 20:19:30 [main] INFO  StartScreen:33 - NATIVE_APP
2022-11-08 20:19:33 [main] INFO  StartScreen:36 - NATIVE_APP
2022-11-08 20:19:34 [main] INFO  StartScreen:39 - NATIVE_APP
2022-11-08 20:19:36 [main] INFO  StartScreen:43 - NATIVE_APP
2022-11-08 20:19:37 [main] INFO  MediaPlayerScreen:33 - NATIVE_APP
2022-11-08 20:19:40 [main] INFO  MediaProjectionScreen:38 - NATIVE_APP
2022-11-08 20:19:42 [main] INFO  MediaProjectionScreen:43 - NATIVE_APP
2022-11-08 20:19:43 [main] INFO  MediaProjectionScreen:46 - NATIVE_APP
2022-11-08 20:19:45 [main] INFO  MediaProjectionScreen:51 - NATIVE_APP
2022-11-08 20:19:49 [main] INFO  MediaProjectionScreen:59 - Media/MediaProjection
2022-11-08 20:19:49 [main] INFO  RunnerClass:19 - driver is stopped
2022-11-08 20:19:49 [main] INFO  RunnerClass:70 - Appium server stopped
2022-11-08 20:21:45 [main] INFO  RunnerClass:40 - Appium Server started
2022-11-08 20:21:52 [main] INFO  RunnerClass:14 - device is initialized
2022-11-08 20:21:53 [main] INFO  StartScreen:33 - NATIVE_APP
2022-11-08 20:21:55 [main] INFO  StartScreen:36 - NATIVE_APP
2022-11-08 20:21:57 [main] INFO  StartScreen:39 - NATIVE_APP
2022-11-08 20:21:59 [main] INFO  StartScreen:43 - NATIVE_APP
2022-11-08 20:22:00 [main] INFO  hide_showAnimationScreen:42 - NATIVE_APP
2022-11-08 20:22:03 [main] INFO  hide_showAnimationScreen:47 - NATIVE_APP
2022-11-08 20:22:05 [main] INFO  hide_showAnimationScreen:52 - NATIVE_APP
2022-11-08 20:22:06 [main] INFO  hide_showAnimationScreen:55 - NATIVE_APP
2022-11-08 20:22:07 [main] INFO  hide_showAnimationScreen:60 - NATIVE_APP
2022-11-08 20:22:08 [main] INFO  hide_showAnimationScreen:63 - NATIVE_APP
2022-11-08 20:22:09 [main] INFO  hide_showAnimationScreen:68 - NATIVE_APP
2022-11-08 20:22:12 [main] INFO  RunnerClass:19 - driver is stopped
2022-11-08 20:22:18 [main] INFO  RunnerClass:14 - device is initialized
2022-11-08 20:22:18 [main] INFO  StartScreen:33 - NATIVE_APP
2022-11-08 20:22:21 [main] INFO  StartScreen:36 - NATIVE_APP
2022-11-08 20:22:22 [main] INFO  StartScreen:39 - NATIVE_APP
2022-11-08 20:22:24 [main] INFO  StartScreen:43 - NATIVE_APP
2022-11-08 20:22:25 [main] INFO  hide_showAnimationScreen:42 - NATIVE_APP
2022-11-08 20:22:28 [main] INFO  ViewFlipScreen:29 - NATIVE_APP
2022-11-08 20:22:31 [main] INFO  ViewFlipScreen:35 - NATIVE_APP
2022-11-08 20:22:33 [main] INFO  RunnerClass:19 - driver is stopped
2022-11-08 20:22:39 [main] INFO  RunnerClass:14 - device is initialized
2022-11-08 20:22:39 [main] INFO  StartScreen:33 - NATIVE_APP
2022-11-08 20:22:42 [main] INFO  StartScreen:36 - NATIVE_APP
2022-11-08 20:22:43 [main] INFO  StartScreen:39 - NATIVE_APP
2022-11-08 20:22:46 [main] INFO  StartScreen:43 - NATIVE_APP
2022-11-08 20:22:47 [main] INFO  display_options:34 - NATIVE_APP
2022-11-08 20:22:49 [main] INFO  display_options:39 - NATIVE_APP
2022-11-08 20:22:51 [main] INFO  display_options:44 - NATIVE_APP
2022-11-08 20:22:53 [main] INFO  display_options:49 - NATIVE_APP
2022-11-08 20:22:55 [main] INFO  RunnerClass:19 - driver is stopped
2022-11-08 20:23:01 [main] INFO  RunnerClass:14 - device is initialized
2022-11-08 20:23:01 [main] INFO  StartScreen:33 - NATIVE_APP
2022-11-08 20:23:04 [main] INFO  StartScreen:36 - NATIVE_APP
2022-11-08 20:23:06 [main] INFO  StartScreen:39 - NATIVE_APP
2022-11-08 20:23:08 [main] INFO  StartScreen:43 - NATIVE_APP
2022-11-08 20:23:09 [main] INFO  display_options:34 - NATIVE_APP
2022-11-08 20:23:12 [main] INFO  SearchScreen:35 - NATIVE_APP
2022-11-08 20:23:14 [main] INFO  SearchScreen:40 - NATIVE_APP
2022-11-08 20:23:16 [main] INFO  SearchScreen:45 - NATIVE_APP
2022-11-08 20:23:17 [main] INFO  SearchScreen:48 - NATIVE_APP
2022-11-08 20:23:18 [main] INFO  SearchScreen:53 - NATIVE_APP
2022-11-08 20:23:19 [main] INFO  RunnerClass:19 - driver is stopped
2022-11-08 20:23:26 [main] INFO  RunnerClass:14 - device is initialized
2022-11-08 20:23:26 [main] INFO  StartScreen:33 - NATIVE_APP
2022-11-08 20:23:28 [main] INFO  StartScreen:36 - NATIVE_APP
2022-11-08 20:23:30 [main] INFO  StartScreen:39 - NATIVE_APP
2022-11-08 20:23:33 [main] INFO  StartScreen:43 - NATIVE_APP
2022-11-08 20:23:34 [main] INFO  display_options:34 - NATIVE_APP
2022-11-08 20:23:36 [main] INFO  SearchScreen:35 - NATIVE_APP
2022-11-08 20:23:38 [main] INFO  SearchScreen:40 - NATIVE_APP
2022-11-08 20:23:40 [main] INFO  SearchScreen:45 - NATIVE_APP
2022-11-08 20:23:41 [main] INFO  SearchScreen:48 - NATIVE_APP
2022-11-08 20:23:42 [main] INFO  SearchScreen:53 - NATIVE_APP
2022-11-08 20:23:43 [main] INFO  RunnerClass:19 - driver is stopped
2022-11-08 20:23:49 [main] INFO  RunnerClass:14 - device is initialized
2022-11-08 20:23:49 [main] INFO  StartScreen:33 - NATIVE_APP
2022-11-08 20:23:52 [main] INFO  StartScreen:36 - NATIVE_APP
2022-11-08 20:23:54 [main] INFO  StartScreen:39 - NATIVE_APP
2022-11-08 20:23:57 [main] INFO  StartScreen:43 - NATIVE_APP
2022-11-08 20:23:58 [main] INFO  MediaPlayerScreen:33 - NATIVE_APP
2022-11-08 20:24:00 [main] INFO  MediaPlayerScreen:38 - NATIVE_APP
2022-11-08 20:24:03 [main] INFO  MediaPlayerScreen:43 - NATIVE_APP
2022-11-08 20:24:04 [main] INFO  MediaPlayerScreen:49 - Media/MediaPlayer
2022-11-08 20:24:04 [main] INFO  RunnerClass:19 - driver is stopped
2022-11-08 20:24:10 [main] INFO  RunnerClass:14 - device is initialized
2022-11-08 20:24:10 [main] INFO  StartScreen:33 - NATIVE_APP
2022-11-08 20:24:13 [main] INFO  StartScreen:36 - NATIVE_APP
2022-11-08 20:24:15 [main] INFO  StartScreen:39 - NATIVE_APP
2022-11-08 20:24:18 [main] INFO  StartScreen:43 - NATIVE_APP
2022-11-08 20:24:19 [main] INFO  MediaPlayerScreen:33 - NATIVE_APP
2022-11-08 20:24:22 [main] INFO  MediaProjectionScreen:38 - NATIVE_APP
2022-11-08 20:24:24 [main] INFO  MediaProjectionScreen:43 - NATIVE_APP
2022-11-08 20:24:26 [main] INFO  MediaProjectionScreen:46 - NATIVE_APP
2022-11-08 20:24:28 [main] INFO  MediaProjectionScreen:51 - NATIVE_APP
2022-11-08 20:24:33 [main] INFO  MediaProjectionScreen:59 - Media/MediaProjection
2022-11-08 20:24:33 [main] INFO  RunnerClass:19 - driver is stopped
2022-11-08 20:24:34 [main] INFO  RunnerClass:70 - Appium server stopped
2022-11-08 20:26:53 [main] INFO  RunnerClass:41 - Appium Server started
2022-11-08 20:26:53 [main] INFO  RunnerClass:69 - Appium server stopped
2022-11-08 20:27:15 [main] INFO  RunnerClass:41 - Appium Server started
2022-11-08 20:27:16 [main] INFO  RunnerClass:69 - Appium server stopped
2022-11-08 20:34:22 [main] INFO  RunnerClass:40 - Appium Server started
2022-11-08 20:34:29 [main] INFO  RunnerClass:14 - device is initialized
2022-11-08 20:34:30 [main] INFO  StartScreen:33 - NATIVE_APP
2022-11-08 20:34:32 [main] INFO  StartScreen:36 - NATIVE_APP
2022-11-08 20:34:33 [main] INFO  StartScreen:39 - NATIVE_APP
2022-11-08 20:34:35 [main] INFO  StartScreen:43 - NATIVE_APP
2022-11-08 20:34:36 [main] INFO  hide_showAnimationScreen:42 - NATIVE_APP
2022-11-08 20:34:38 [main] INFO  hide_showAnimationScreen:47 - NATIVE_APP
2022-11-08 20:34:40 [main] INFO  hide_showAnimationScreen:52 - NATIVE_APP
2022-11-08 20:34:41 [main] INFO  hide_showAnimationScreen:55 - NATIVE_APP
2022-11-08 20:34:42 [main] INFO  hide_showAnimationScreen:60 - NATIVE_APP
2022-11-08 20:34:44 [main] INFO  hide_showAnimationScreen:63 - NATIVE_APP
2022-11-08 20:34:45 [main] INFO  hide_showAnimationScreen:68 - NATIVE_APP
2022-11-08 20:34:46 [main] INFO  RunnerClass:19 - driver is stopped
2022-11-08 20:34:52 [main] INFO  RunnerClass:14 - device is initialized
2022-11-08 20:34:52 [main] INFO  StartScreen:33 - NATIVE_APP
2022-11-08 20:34:55 [main] INFO  StartScreen:36 - NATIVE_APP
2022-11-08 20:34:56 [main] INFO  StartScreen:39 - NATIVE_APP
2022-11-08 20:34:59 [main] INFO  StartScreen:43 - NATIVE_APP
2022-11-08 20:35:00 [main] INFO  hide_showAnimationScreen:42 - NATIVE_APP
2022-11-08 20:35:02 [main] INFO  ViewFlipScreen:29 - NATIVE_APP
2022-11-08 20:35:05 [main] INFO  ViewFlipScreen:35 - NATIVE_APP
2022-11-08 20:35:06 [main] INFO  RunnerClass:19 - driver is stopped
2022-11-08 20:35:13 [main] INFO  RunnerClass:14 - device is initialized
2022-11-08 20:35:13 [main] INFO  StartScreen:33 - NATIVE_APP
2022-11-08 20:35:15 [main] INFO  StartScreen:36 - NATIVE_APP
2022-11-08 20:35:16 [main] INFO  StartScreen:39 - NATIVE_APP
2022-11-08 20:35:19 [main] INFO  StartScreen:43 - NATIVE_APP
2022-11-08 20:35:20 [main] INFO  display_options:34 - NATIVE_APP
2022-11-08 20:35:22 [main] INFO  display_options:39 - NATIVE_APP
2022-11-08 20:35:24 [main] INFO  display_options:44 - NATIVE_APP
2022-11-08 20:35:26 [main] INFO  display_options:49 - NATIVE_APP
2022-11-08 20:35:27 [main] INFO  RunnerClass:19 - driver is stopped
2022-11-08 20:35:33 [main] INFO  RunnerClass:14 - device is initialized
2022-11-08 20:35:33 [main] INFO  StartScreen:33 - NATIVE_APP
2022-11-08 20:35:36 [main] INFO  StartScreen:36 - NATIVE_APP
2022-11-08 20:35:37 [main] INFO  StartScreen:39 - NATIVE_APP
2022-11-08 20:35:39 [main] INFO  StartScreen:43 - NATIVE_APP
2022-11-08 20:35:40 [main] INFO  display_options:34 - NATIVE_APP
2022-11-08 20:35:42 [main] INFO  SearchScreen:35 - NATIVE_APP
2022-11-08 20:35:44 [main] INFO  SearchScreen:40 - NATIVE_APP
2022-11-08 20:35:46 [main] INFO  SearchScreen:45 - NATIVE_APP
2022-11-08 20:35:47 [main] INFO  SearchScreen:48 - NATIVE_APP
2022-11-08 20:35:49 [main] INFO  SearchScreen:53 - NATIVE_APP
2022-11-08 20:35:50 [main] INFO  RunnerClass:19 - driver is stopped
2022-11-08 20:35:56 [main] INFO  RunnerClass:14 - device is initialized
2022-11-08 20:35:56 [main] INFO  StartScreen:33 - NATIVE_APP
2022-11-08 20:35:58 [main] INFO  StartScreen:36 - NATIVE_APP
2022-11-08 20:36:00 [main] INFO  StartScreen:39 - NATIVE_APP
2022-11-08 20:36:02 [main] INFO  StartScreen:43 - NATIVE_APP
2022-11-08 20:36:03 [main] INFO  display_options:34 - NATIVE_APP
2022-11-08 20:36:06 [main] INFO  SearchScreen:35 - NATIVE_APP
2022-11-08 20:36:08 [main] INFO  SearchScreen:40 - NATIVE_APP
2022-11-08 20:36:10 [main] INFO  SearchScreen:45 - NATIVE_APP
2022-11-08 20:36:11 [main] INFO  SearchScreen:48 - NATIVE_APP
2022-11-08 20:36:12 [main] INFO  SearchScreen:53 - NATIVE_APP
2022-11-08 20:36:13 [main] INFO  RunnerClass:19 - driver is stopped
2022-11-08 20:36:20 [main] INFO  RunnerClass:14 - device is initialized
2022-11-08 20:36:20 [main] INFO  StartScreen:33 - NATIVE_APP
2022-11-08 20:36:23 [main] INFO  StartScreen:36 - NATIVE_APP
2022-11-08 20:36:24 [main] INFO  StartScreen:39 - NATIVE_APP
2022-11-08 20:36:27 [main] INFO  StartScreen:43 - NATIVE_APP
2022-11-08 20:36:28 [main] INFO  MediaPlayerScreen:33 - NATIVE_APP
2022-11-08 20:36:31 [main] INFO  MediaPlayerScreen:38 - NATIVE_APP
2022-11-08 20:36:33 [main] INFO  MediaPlayerScreen:43 - NATIVE_APP
2022-11-08 20:36:34 [main] INFO  MediaPlayerScreen:49 - Media/MediaPlayer
2022-11-08 20:36:34 [main] INFO  RunnerClass:19 - driver is stopped
2022-11-08 20:36:40 [main] INFO  RunnerClass:14 - device is initialized
2022-11-08 20:36:40 [main] INFO  StartScreen:33 - NATIVE_APP
2022-11-08 20:36:43 [main] INFO  StartScreen:36 - NATIVE_APP
2022-11-08 20:36:44 [main] INFO  StartScreen:39 - NATIVE_APP
2022-11-08 20:36:47 [main] INFO  StartScreen:43 - NATIVE_APP
2022-11-08 20:36:48 [main] INFO  MediaPlayerScreen:33 - NATIVE_APP
2022-11-08 20:36:50 [main] INFO  MediaProjectionScreen:38 - NATIVE_APP
2022-11-08 20:36:52 [main] INFO  MediaProjectionScreen:43 - NATIVE_APP
2022-11-08 20:36:53 [main] INFO  MediaProjectionScreen:46 - NATIVE_APP
2022-11-08 20:36:55 [main] INFO  MediaProjectionScreen:51 - NATIVE_APP
2022-11-08 20:36:59 [main] INFO  MediaProjectionScreen:59 - Media/MediaProjection
2022-11-08 20:36:59 [main] INFO  RunnerClass:19 - driver is stopped
2022-11-08 20:36:59 [main] INFO  RunnerClass:70 - Appium server stopped
2022-11-08 20:40:23 [main] INFO  RunnerClass:40 - Appium Server started
2022-11-08 20:40:31 [main] INFO  RunnerClass:14 - device is initialized
2022-11-08 20:40:31 [main] INFO  StartScreen:33 - NATIVE_APP
2022-11-08 20:40:33 [main] INFO  StartScreen:36 - NATIVE_APP
2022-11-08 20:40:34 [main] INFO  StartScreen:39 - NATIVE_APP
2022-11-08 20:40:37 [main] INFO  StartScreen:43 - NATIVE_APP
2022-11-08 20:40:38 [main] INFO  hide_showAnimationScreen:42 - NATIVE_APP
2022-11-08 20:40:40 [main] INFO  hide_showAnimationScreen:47 - NATIVE_APP
2022-11-08 20:40:42 [main] INFO  hide_showAnimationScreen:52 - NATIVE_APP
2022-11-08 20:40:43 [main] INFO  hide_showAnimationScreen:55 - NATIVE_APP
2022-11-08 20:40:45 [main] INFO  hide_showAnimationScreen:60 - NATIVE_APP
2022-11-08 20:40:46 [main] INFO  hide_showAnimationScreen:63 - NATIVE_APP
2022-11-08 20:40:47 [main] INFO  hide_showAnimationScreen:68 - NATIVE_APP
2022-11-08 20:40:48 [main] INFO  RunnerClass:19 - driver is stopped
2022-11-08 20:40:55 [main] INFO  RunnerClass:14 - device is initialized
2022-11-08 20:40:55 [main] INFO  StartScreen:33 - NATIVE_APP
2022-11-08 20:40:58 [main] INFO  StartScreen:36 - NATIVE_APP
2022-11-08 20:41:00 [main] INFO  StartScreen:39 - NATIVE_APP
2022-11-08 20:41:03 [main] INFO  StartScreen:43 - NATIVE_APP
2022-11-08 20:41:04 [main] INFO  hide_showAnimationScreen:42 - NATIVE_APP
2022-11-08 20:41:06 [main] INFO  ViewFlipScreen:29 - NATIVE_APP
2022-11-08 20:41:10 [main] INFO  ViewFlipScreen:35 - NATIVE_APP
2022-11-08 20:41:11 [main] INFO  RunnerClass:19 - driver is stopped
2022-11-08 20:41:18 [main] INFO  RunnerClass:14 - device is initialized
2022-11-08 20:41:18 [main] INFO  StartScreen:33 - NATIVE_APP
2022-11-08 20:41:20 [main] INFO  StartScreen:36 - NATIVE_APP
2022-11-08 20:41:22 [main] INFO  StartScreen:39 - NATIVE_APP
2022-11-08 20:41:24 [main] INFO  StartScreen:43 - NATIVE_APP
2022-11-08 20:41:25 [main] INFO  display_options:34 - NATIVE_APP
2022-11-08 20:41:27 [main] INFO  display_options:39 - NATIVE_APP
2022-11-08 20:41:30 [main] INFO  display_options:44 - NATIVE_APP
2022-11-08 20:41:32 [main] INFO  display_options:49 - NATIVE_APP
2022-11-08 20:41:33 [main] INFO  RunnerClass:19 - driver is stopped
2022-11-08 20:41:39 [main] INFO  RunnerClass:14 - device is initialized
2022-11-08 20:41:40 [main] INFO  StartScreen:33 - NATIVE_APP
2022-11-08 20:41:42 [main] INFO  StartScreen:36 - NATIVE_APP
2022-11-08 20:41:43 [main] INFO  StartScreen:39 - NATIVE_APP
2022-11-08 20:41:46 [main] INFO  StartScreen:43 - NATIVE_APP
2022-11-08 20:41:47 [main] INFO  display_options:34 - NATIVE_APP
2022-11-08 20:41:49 [main] INFO  SearchScreen:35 - NATIVE_APP
2022-11-08 20:41:52 [main] INFO  SearchScreen:40 - NATIVE_APP
2022-11-08 20:41:54 [main] INFO  SearchScreen:45 - NATIVE_APP
2022-11-08 20:41:55 [main] INFO  SearchScreen:48 - NATIVE_APP
2022-11-08 20:41:56 [main] INFO  SearchScreen:53 - NATIVE_APP
2022-11-08 20:41:57 [main] INFO  RunnerClass:19 - driver is stopped
2022-11-08 20:42:06 [main] INFO  RunnerClass:14 - device is initialized
2022-11-08 20:42:06 [main] INFO  StartScreen:33 - NATIVE_APP
2022-11-08 20:42:08 [main] INFO  StartScreen:36 - NATIVE_APP
2022-11-08 20:42:10 [main] INFO  StartScreen:39 - NATIVE_APP
2022-11-08 20:42:13 [main] INFO  StartScreen:43 - NATIVE_APP
2022-11-08 20:42:14 [main] INFO  display_options:34 - NATIVE_APP
2022-11-08 20:42:16 [main] INFO  SearchScreen:35 - NATIVE_APP
2022-11-08 20:42:18 [main] INFO  SearchScreen:40 - NATIVE_APP
2022-11-08 20:42:20 [main] INFO  SearchScreen:45 - NATIVE_APP
2022-11-08 20:42:21 [main] INFO  SearchScreen:48 - NATIVE_APP
2022-11-08 20:42:23 [main] INFO  SearchScreen:53 - NATIVE_APP
2022-11-08 20:42:24 [main] INFO  RunnerClass:19 - driver is stopped
2022-11-08 20:42:31 [main] INFO  RunnerClass:14 - device is initialized
2022-11-08 20:42:31 [main] INFO  StartScreen:33 - NATIVE_APP
2022-11-08 20:42:33 [main] INFO  StartScreen:36 - NATIVE_APP
2022-11-08 20:42:34 [main] INFO  StartScreen:39 - NATIVE_APP
2022-11-08 20:42:37 [main] INFO  StartScreen:43 - NATIVE_APP
2022-11-08 20:42:38 [main] INFO  MediaPlayerScreen:33 - NATIVE_APP
2022-11-08 20:42:40 [main] INFO  MediaPlayerScreen:38 - NATIVE_APP
2022-11-08 20:42:42 [main] INFO  MediaPlayerScreen:43 - NATIVE_APP
2022-11-08 20:42:44 [main] INFO  MediaPlayerScreen:49 - Media/MediaPlayer
2022-11-08 20:42:44 [main] INFO  RunnerClass:19 - driver is stopped
2022-11-08 20:42:51 [main] INFO  RunnerClass:14 - device is initialized
2022-11-08 20:42:51 [main] INFO  StartScreen:33 - NATIVE_APP
2022-11-08 20:42:53 [main] INFO  StartScreen:36 - NATIVE_APP
2022-11-08 20:42:54 [main] INFO  StartScreen:39 - NATIVE_APP
2022-11-08 20:42:57 [main] INFO  StartScreen:43 - NATIVE_APP
2022-11-08 20:42:58 [main] INFO  MediaPlayerScreen:33 - NATIVE_APP
2022-11-08 20:43:00 [main] INFO  MediaProjectionScreen:38 - NATIVE_APP
2022-11-08 20:43:03 [main] INFO  MediaProjectionScreen:43 - NATIVE_APP
2022-11-08 20:43:04 [main] INFO  MediaProjectionScreen:46 - NATIVE_APP
2022-11-08 20:43:06 [main] INFO  MediaProjectionScreen:51 - NATIVE_APP
2022-11-08 20:43:11 [main] INFO  MediaProjectionScreen:59 - Media/MediaProjection
2022-11-08 20:43:11 [main] INFO  RunnerClass:19 - driver is stopped
2022-11-08 20:43:11 [main] INFO  RunnerClass:70 - Appium server stopped
2022-11-08 20:56:28 [main] INFO  RunnerClass:40 - Appium Server started
2022-11-08 20:56:36 [main] INFO  RunnerClass:14 - device is initialized
2022-11-08 20:56:36 [main] INFO  StartScreen:33 - NATIVE_APP
2022-11-08 20:56:39 [main] INFO  StartScreen:36 - NATIVE_APP
2022-11-08 20:56:40 [main] INFO  StartScreen:39 - NATIVE_APP
2022-11-08 20:56:43 [main] INFO  StartScreen:43 - NATIVE_APP
2022-11-08 20:56:44 [main] INFO  hide_showAnimationScreen:42 - NATIVE_APP
2022-11-08 20:56:46 [main] INFO  hide_showAnimationScreen:47 - NATIVE_APP
2022-11-08 20:56:48 [main] INFO  hide_showAnimationScreen:52 - NATIVE_APP
2022-11-08 20:56:49 [main] INFO  hide_showAnimationScreen:55 - NATIVE_APP
2022-11-08 20:56:50 [main] INFO  hide_showAnimationScreen:60 - NATIVE_APP
2022-11-08 20:56:51 [main] INFO  hide_showAnimationScreen:63 - NATIVE_APP
2022-11-08 20:56:53 [main] INFO  hide_showAnimationScreen:68 - NATIVE_APP
2022-11-08 20:56:54 [main] INFO  RunnerClass:19 - driver is stopped
2022-11-08 20:57:00 [main] INFO  RunnerClass:14 - device is initialized
2022-11-08 20:57:01 [main] INFO  StartScreen:33 - NATIVE_APP
2022-11-08 20:57:03 [main] INFO  StartScreen:36 - NATIVE_APP
2022-11-08 20:57:04 [main] INFO  StartScreen:39 - NATIVE_APP
2022-11-08 20:57:07 [main] INFO  StartScreen:43 - NATIVE_APP
2022-11-08 20:57:08 [main] INFO  hide_showAnimationScreen:42 - NATIVE_APP
2022-11-08 20:57:10 [main] INFO  ViewFlipScreen:29 - NATIVE_APP
2022-11-08 20:57:13 [main] INFO  ViewFlipScreen:35 - NATIVE_APP
2022-11-08 20:57:15 [main] INFO  RunnerClass:19 - driver is stopped
2022-11-08 20:57:22 [main] INFO  RunnerClass:14 - device is initialized
2022-11-08 20:57:22 [main] INFO  StartScreen:33 - NATIVE_APP
2022-11-08 20:57:24 [main] INFO  StartScreen:36 - NATIVE_APP
2022-11-08 20:57:25 [main] INFO  StartScreen:39 - NATIVE_APP
2022-11-08 20:57:28 [main] INFO  StartScreen:43 - NATIVE_APP
2022-11-08 20:57:29 [main] INFO  display_options:34 - NATIVE_APP
2022-11-08 20:57:31 [main] INFO  display_options:39 - NATIVE_APP
2022-11-08 20:57:33 [main] INFO  display_options:44 - NATIVE_APP
2022-11-08 20:57:35 [main] INFO  display_options:49 - NATIVE_APP
2022-11-08 20:57:37 [main] INFO  RunnerClass:19 - driver is stopped
2022-11-08 20:57:44 [main] INFO  RunnerClass:14 - device is initialized
2022-11-08 20:57:44 [main] INFO  StartScreen:33 - NATIVE_APP
2022-11-08 20:57:46 [main] INFO  StartScreen:36 - NATIVE_APP
2022-11-08 20:57:47 [main] INFO  StartScreen:39 - NATIVE_APP
2022-11-08 20:57:50 [main] INFO  StartScreen:43 - NATIVE_APP
2022-11-08 20:57:51 [main] INFO  display_options:34 - NATIVE_APP
2022-11-08 20:57:53 [main] INFO  SearchScreen:35 - NATIVE_APP
2022-11-08 20:57:55 [main] INFO  SearchScreen:40 - NATIVE_APP
2022-11-08 20:57:57 [main] INFO  SearchScreen:45 - NATIVE_APP
2022-11-08 20:57:58 [main] INFO  SearchScreen:48 - NATIVE_APP
2022-11-08 20:57:59 [main] INFO  SearchScreen:53 - NATIVE_APP
2022-11-08 20:58:00 [main] INFO  RunnerClass:19 - driver is stopped
2022-11-08 20:58:07 [main] INFO  RunnerClass:14 - device is initialized
2022-11-08 20:58:07 [main] INFO  StartScreen:33 - NATIVE_APP
2022-11-08 20:58:10 [main] INFO  StartScreen:36 - NATIVE_APP
2022-11-08 20:58:11 [main] INFO  StartScreen:39 - NATIVE_APP
2022-11-08 20:58:14 [main] INFO  StartScreen:43 - NATIVE_APP
2022-11-08 20:58:15 [main] INFO  display_options:34 - NATIVE_APP
2022-11-08 20:58:17 [main] INFO  SearchScreen:35 - NATIVE_APP
2022-11-08 20:58:19 [main] INFO  SearchScreen:40 - NATIVE_APP
2022-11-08 20:58:21 [main] INFO  SearchScreen:45 - NATIVE_APP
2022-11-08 20:58:22 [main] INFO  SearchScreen:48 - NATIVE_APP
2022-11-08 20:58:23 [main] INFO  SearchScreen:53 - NATIVE_APP
2022-11-08 20:58:24 [main] INFO  RunnerClass:19 - driver is stopped
2022-11-08 20:58:31 [main] INFO  RunnerClass:14 - device is initialized
2022-11-08 20:58:31 [main] INFO  StartScreen:33 - NATIVE_APP
2022-11-08 20:58:34 [main] INFO  StartScreen:36 - NATIVE_APP
2022-11-08 20:58:35 [main] INFO  StartScreen:39 - NATIVE_APP
2022-11-08 20:58:37 [main] INFO  StartScreen:43 - NATIVE_APP
2022-11-08 20:58:38 [main] INFO  MediaPlayerScreen:33 - NATIVE_APP
2022-11-08 20:58:41 [main] INFO  MediaPlayerScreen:38 - NATIVE_APP
2022-11-08 20:58:43 [main] INFO  MediaPlayerScreen:43 - NATIVE_APP
2022-11-08 20:58:44 [main] INFO  MediaPlayerScreen:49 - Media/MediaPlayer
2022-11-08 20:58:44 [main] INFO  RunnerClass:19 - driver is stopped
2022-11-08 20:58:50 [main] INFO  RunnerClass:14 - device is initialized
2022-11-08 20:58:50 [main] INFO  StartScreen:33 - NATIVE_APP
2022-11-08 20:58:53 [main] INFO  StartScreen:36 - NATIVE_APP
2022-11-08 20:58:54 [main] INFO  StartScreen:39 - NATIVE_APP
2022-11-08 20:58:57 [main] INFO  StartScreen:43 - NATIVE_APP
2022-11-08 20:58:58 [main] INFO  MediaPlayerScreen:33 - NATIVE_APP
2022-11-08 20:59:01 [main] INFO  MediaProjectionScreen:38 - NATIVE_APP
2022-11-08 20:59:03 [main] INFO  MediaProjectionScreen:43 - NATIVE_APP
2022-11-08 20:59:04 [main] INFO  MediaProjectionScreen:46 - NATIVE_APP
2022-11-08 20:59:06 [main] INFO  MediaProjectionScreen:51 - NATIVE_APP
2022-11-08 20:59:10 [main] INFO  MediaProjectionScreen:59 - Media/MediaProjection
2022-11-08 20:59:10 [main] INFO  RunnerClass:19 - driver is stopped
2022-11-08 20:59:11 [main] INFO  RunnerClass:70 - Appium server stopped
2022-11-09 17:02:13 [main] INFO  RunnerClass:42 - Appium Server started
2022-11-09 17:02:13 [main] INFO  RunnerClass:72 - Appium server stopped
2022-11-09 17:02:52 [main] INFO  RunnerClass:42 - Appium Server started
2022-11-09 17:02:52 [main] INFO  RunnerClass:72 - Appium server stopped
2022-11-09 17:04:01 [main] INFO  RunnerClass:40 - Appium Server started
2022-11-09 17:04:09 [main] INFO  RunnerClass:14 - device is initialized
2022-11-09 17:04:10 [main] INFO  StartScreen:33 - NATIVE_APP
2022-11-09 17:04:12 [main] INFO  StartScreen:36 - NATIVE_APP
2022-11-09 17:04:14 [main] INFO  StartScreen:39 - NATIVE_APP
2022-11-09 17:04:16 [main] INFO  StartScreen:43 - NATIVE_APP
2022-11-09 17:04:17 [main] INFO  hide_showAnimationScreen:42 - NATIVE_APP
2022-11-09 17:04:19 [main] INFO  hide_showAnimationScreen:47 - NATIVE_APP
2022-11-09 17:04:21 [main] INFO  hide_showAnimationScreen:52 - NATIVE_APP
2022-11-09 17:04:22 [main] INFO  hide_showAnimationScreen:55 - NATIVE_APP
2022-11-09 17:04:23 [main] INFO  hide_showAnimationScreen:60 - NATIVE_APP
2022-11-09 17:04:24 [main] INFO  hide_showAnimationScreen:63 - NATIVE_APP
2022-11-09 17:04:25 [main] INFO  hide_showAnimationScreen:68 - NATIVE_APP
2022-11-09 17:04:26 [main] INFO  RunnerClass:19 - driver is stopped
2022-11-09 17:04:33 [main] INFO  RunnerClass:14 - device is initialized
2022-11-09 17:04:33 [main] INFO  StartScreen:33 - NATIVE_APP
2022-11-09 17:04:35 [main] INFO  StartScreen:36 - NATIVE_APP
2022-11-09 17:04:37 [main] INFO  StartScreen:39 - NATIVE_APP
2022-11-09 17:04:39 [main] INFO  StartScreen:43 - NATIVE_APP
2022-11-09 17:04:40 [main] INFO  hide_showAnimationScreen:42 - NATIVE_APP
2022-11-09 17:04:42 [main] INFO  ViewFlipScreen:29 - NATIVE_APP
2022-11-09 17:04:45 [main] INFO  ViewFlipScreen:35 - NATIVE_APP
2022-11-09 17:04:46 [main] INFO  RunnerClass:19 - driver is stopped
2022-11-09 17:04:52 [main] INFO  RunnerClass:14 - device is initialized
2022-11-09 17:04:53 [main] INFO  StartScreen:33 - NATIVE_APP
2022-11-09 17:04:55 [main] INFO  StartScreen:36 - NATIVE_APP
2022-11-09 17:04:56 [main] INFO  StartScreen:39 - NATIVE_APP
2022-11-09 17:04:59 [main] INFO  StartScreen:43 - NATIVE_APP
2022-11-09 17:05:00 [main] INFO  display_options:32 - NATIVE_APP
2022-11-09 17:05:02 [main] INFO  display_options:37 - NATIVE_APP
2022-11-09 17:05:04 [main] INFO  display_options:42 - NATIVE_APP
2022-11-09 17:05:06 [main] INFO  display_options:47 - NATIVE_APP
2022-11-09 17:05:08 [main] INFO  RunnerClass:19 - driver is stopped
2022-11-09 17:05:14 [main] INFO  RunnerClass:14 - device is initialized
2022-11-09 17:05:14 [main] INFO  StartScreen:33 - NATIVE_APP
2022-11-09 17:05:16 [main] INFO  StartScreen:36 - NATIVE_APP
2022-11-09 17:05:17 [main] INFO  StartScreen:39 - NATIVE_APP
2022-11-09 17:05:21 [main] INFO  StartScreen:43 - NATIVE_APP
2022-11-09 17:05:22 [main] INFO  display_options:32 - NATIVE_APP
2022-11-09 17:05:24 [main] INFO  SearchScreen:35 - NATIVE_APP
2022-11-09 17:05:26 [main] INFO  SearchScreen:40 - NATIVE_APP
2022-11-09 17:05:28 [main] INFO  SearchScreen:45 - NATIVE_APP
2022-11-09 17:05:29 [main] INFO  SearchScreen:48 - NATIVE_APP
2022-11-09 17:05:30 [main] INFO  SearchScreen:53 - NATIVE_APP
2022-11-09 17:05:31 [main] INFO  RunnerClass:19 - driver is stopped
2022-11-09 17:05:37 [main] INFO  RunnerClass:14 - device is initialized
2022-11-09 17:05:37 [main] INFO  StartScreen:33 - NATIVE_APP
2022-11-09 17:05:40 [main] INFO  StartScreen:36 - NATIVE_APP
2022-11-09 17:05:41 [main] INFO  StartScreen:39 - NATIVE_APP
2022-11-09 17:05:45 [main] INFO  StartScreen:43 - NATIVE_APP
2022-11-09 17:05:46 [main] INFO  display_options:32 - NATIVE_APP
2022-11-09 17:05:48 [main] INFO  SearchScreen:35 - NATIVE_APP
2022-11-09 17:05:50 [main] INFO  SearchScreen:40 - NATIVE_APP
2022-11-09 17:05:53 [main] INFO  SearchScreen:45 - NATIVE_APP
2022-11-09 17:05:54 [main] INFO  SearchScreen:48 - NATIVE_APP
2022-11-09 17:05:55 [main] INFO  SearchScreen:53 - NATIVE_APP
2022-11-09 17:05:56 [main] INFO  RunnerClass:19 - driver is stopped
2022-11-09 17:06:02 [main] INFO  RunnerClass:14 - device is initialized
2022-11-09 17:06:02 [main] INFO  StartScreen:33 - NATIVE_APP
2022-11-09 17:06:05 [main] INFO  StartScreen:36 - NATIVE_APP
2022-11-09 17:06:07 [main] INFO  StartScreen:39 - NATIVE_APP
2022-11-09 17:06:10 [main] INFO  StartScreen:43 - NATIVE_APP
2022-11-09 17:06:11 [main] INFO  MediaPlayerScreen:33 - NATIVE_APP
2022-11-09 17:06:13 [main] INFO  MediaPlayerScreen:38 - NATIVE_APP
2022-11-09 17:06:15 [main] INFO  MediaPlayerScreen:43 - NATIVE_APP
2022-11-09 17:06:16 [main] INFO  MediaPlayerScreen:49 - Media/MediaPlayer
2022-11-09 17:06:16 [main] INFO  RunnerClass:19 - driver is stopped
2022-11-09 17:06:22 [main] INFO  RunnerClass:14 - device is initialized
2022-11-09 17:06:22 [main] INFO  StartScreen:33 - NATIVE_APP
2022-11-09 17:06:25 [main] INFO  StartScreen:36 - NATIVE_APP
2022-11-09 17:06:27 [main] INFO  StartScreen:39 - NATIVE_APP
2022-11-09 17:06:30 [main] INFO  StartScreen:43 - NATIVE_APP
2022-11-09 17:06:31 [main] INFO  MediaPlayerScreen:33 - NATIVE_APP
2022-11-09 17:06:34 [main] INFO  MediaProjectionScreen:38 - NATIVE_APP
2022-11-09 17:06:36 [main] INFO  MediaProjectionScreen:43 - NATIVE_APP
2022-11-09 17:06:37 [main] INFO  MediaProjectionScreen:46 - NATIVE_APP
2022-11-09 17:06:39 [main] INFO  MediaProjectionScreen:51 - NATIVE_APP
2022-11-09 17:06:43 [main] INFO  MediaProjectionScreen:59 - Media/MediaProjection
2022-11-09 17:06:43 [main] INFO  RunnerClass:19 - driver is stopped
2022-11-09 17:06:43 [main] INFO  RunnerClass:70 - Appium server stopped
2022-11-09 17:07:11 [main] INFO  RunnerClass:40 - Appium Server started
2022-11-09 17:07:18 [main] INFO  RunnerClass:14 - device is initialized
2022-11-09 17:07:18 [main] INFO  StartScreen:33 - NATIVE_APP
2022-11-09 17:07:21 [main] INFO  StartScreen:36 - NATIVE_APP
2022-11-09 17:07:22 [main] INFO  StartScreen:39 - NATIVE_APP
2022-11-09 17:07:24 [main] INFO  StartScreen:43 - NATIVE_APP
2022-11-09 17:07:25 [main] INFO  hide_showAnimationScreen:42 - NATIVE_APP
2022-11-09 17:07:28 [main] INFO  hide_showAnimationScreen:47 - NATIVE_APP
2022-11-09 17:07:29 [main] INFO  hide_showAnimationScreen:52 - NATIVE_APP
2022-11-09 17:07:31 [main] INFO  hide_showAnimationScreen:55 - NATIVE_APP
2022-11-09 17:07:32 [main] INFO  hide_showAnimationScreen:60 - NATIVE_APP
2022-11-09 17:07:33 [main] INFO  hide_showAnimationScreen:63 - NATIVE_APP
2022-11-09 17:07:34 [main] INFO  hide_showAnimationScreen:68 - NATIVE_APP
2022-11-09 17:07:35 [main] INFO  RunnerClass:19 - driver is stopped
2022-11-09 17:07:41 [main] INFO  RunnerClass:14 - device is initialized
2022-11-09 17:07:41 [main] INFO  StartScreen:33 - NATIVE_APP
2022-11-09 17:07:44 [main] INFO  StartScreen:36 - NATIVE_APP
2022-11-09 17:07:45 [main] INFO  StartScreen:39 - NATIVE_APP
2022-11-09 17:07:48 [main] INFO  StartScreen:43 - NATIVE_APP
2022-11-09 17:07:49 [main] INFO  hide_showAnimationScreen:42 - NATIVE_APP
2022-11-09 17:07:51 [main] INFO  ViewFlipScreen:29 - NATIVE_APP
2022-11-09 17:07:54 [main] INFO  ViewFlipScreen:35 - NATIVE_APP
2022-11-09 17:07:55 [main] INFO  RunnerClass:19 - driver is stopped
2022-11-09 17:08:03 [main] INFO  RunnerClass:14 - device is initialized
2022-11-09 17:08:04 [main] INFO  StartScreen:33 - NATIVE_APP
2022-11-09 17:08:06 [main] INFO  StartScreen:36 - NATIVE_APP
2022-11-09 17:08:07 [main] INFO  StartScreen:39 - NATIVE_APP
2022-11-09 17:08:11 [main] INFO  StartScreen:43 - NATIVE_APP
2022-11-09 17:08:12 [main] INFO  display_options:32 - NATIVE_APP
2022-11-09 17:08:14 [main] INFO  display_options:37 - NATIVE_APP
2022-11-09 17:08:16 [main] INFO  display_options:42 - NATIVE_APP
2022-11-09 17:08:18 [main] INFO  display_options:47 - NATIVE_APP
2022-11-09 17:08:19 [main] INFO  RunnerClass:19 - driver is stopped
2022-11-09 17:08:27 [main] INFO  RunnerClass:14 - device is initialized
2022-11-09 17:08:27 [main] INFO  StartScreen:33 - NATIVE_APP
2022-11-09 17:08:30 [main] INFO  StartScreen:36 - NATIVE_APP
2022-11-09 17:08:31 [main] INFO  StartScreen:39 - NATIVE_APP
2022-11-09 17:08:35 [main] INFO  StartScreen:43 - NATIVE_APP
2022-11-09 17:08:36 [main] INFO  display_options:32 - NATIVE_APP
2022-11-09 17:08:38 [main] INFO  SearchScreen:35 - NATIVE_APP
2022-11-09 17:08:40 [main] INFO  SearchScreen:40 - NATIVE_APP
2022-11-09 17:08:42 [main] INFO  SearchScreen:45 - NATIVE_APP
2022-11-09 17:08:43 [main] INFO  SearchScreen:48 - NATIVE_APP
2022-11-09 17:08:45 [main] INFO  SearchScreen:53 - NATIVE_APP
2022-11-09 17:08:46 [main] INFO  RunnerClass:19 - driver is stopped
2022-11-09 17:08:57 [main] INFO  RunnerClass:14 - device is initialized
2022-11-09 17:08:57 [main] INFO  StartScreen:33 - NATIVE_APP
2022-11-09 17:08:59 [main] INFO  StartScreen:36 - NATIVE_APP
2022-11-09 17:09:02 [main] INFO  StartScreen:39 - NATIVE_APP
2022-11-09 17:09:05 [main] INFO  StartScreen:43 - NATIVE_APP
2022-11-09 17:09:06 [main] INFO  display_options:32 - NATIVE_APP
2022-11-09 17:09:09 [main] INFO  SearchScreen:35 - NATIVE_APP
2022-11-09 17:09:11 [main] INFO  SearchScreen:40 - NATIVE_APP
2022-11-09 17:09:13 [main] INFO  SearchScreen:45 - NATIVE_APP
2022-11-09 17:09:14 [main] INFO  SearchScreen:48 - NATIVE_APP
2022-11-09 17:09:15 [main] INFO  SearchScreen:53 - NATIVE_APP
2022-11-09 17:09:16 [main] INFO  RunnerClass:19 - driver is stopped
2022-11-09 17:09:24 [main] INFO  RunnerClass:14 - device is initialized
2022-11-09 17:09:24 [main] INFO  StartScreen:33 - NATIVE_APP
2022-11-09 17:09:27 [main] INFO  StartScreen:36 - NATIVE_APP
2022-11-09 17:09:29 [main] INFO  StartScreen:39 - NATIVE_APP
2022-11-09 17:09:33 [main] INFO  StartScreen:43 - NATIVE_APP
2022-11-09 17:09:34 [main] INFO  MediaPlayerScreen:33 - NATIVE_APP
2022-11-09 17:09:36 [main] INFO  MediaPlayerScreen:38 - NATIVE_APP
2022-11-09 17:09:38 [main] INFO  MediaPlayerScreen:43 - NATIVE_APP
2022-11-09 17:09:39 [main] INFO  MediaPlayerScreen:49 - Media/MediaPlayer
2022-11-09 17:09:39 [main] INFO  RunnerClass:19 - driver is stopped
2022-11-09 17:09:47 [main] INFO  RunnerClass:14 - device is initialized
2022-11-09 17:09:47 [main] INFO  StartScreen:33 - NATIVE_APP
2022-11-09 17:09:50 [main] INFO  StartScreen:36 - NATIVE_APP
2022-11-09 17:09:52 [main] INFO  StartScreen:39 - NATIVE_APP
2022-11-09 17:09:54 [main] INFO  StartScreen:43 - NATIVE_APP
2022-11-09 17:09:56 [main] INFO  MediaPlayerScreen:33 - NATIVE_APP
2022-11-09 17:09:58 [main] INFO  MediaProjectionScreen:38 - NATIVE_APP
2022-11-09 17:10:00 [main] INFO  MediaProjectionScreen:43 - NATIVE_APP
2022-11-09 17:10:01 [main] INFO  MediaProjectionScreen:46 - NATIVE_APP
2022-11-09 17:10:03 [main] INFO  MediaProjectionScreen:51 - NATIVE_APP
2022-11-09 17:10:07 [main] INFO  MediaProjectionScreen:59 - Media/MediaProjection
2022-11-09 17:10:07 [main] INFO  RunnerClass:19 - driver is stopped
2022-11-09 17:10:07 [main] INFO  RunnerClass:70 - Appium server stopped
2022-11-10 16:23:07 [main] INFO  RunnerClass:40 - Appium Server started
2022-11-10 16:23:19 [main] INFO  RunnerClass:14 - device is initialized
2022-11-10 16:23:20 [main] INFO  StartScreen:33 - NATIVE_APP
2022-11-10 16:23:22 [main] INFO  StartScreen:36 - NATIVE_APP
2022-11-10 16:23:23 [main] INFO  StartScreen:39 - NATIVE_APP
2022-11-10 16:23:26 [main] INFO  StartScreen:43 - NATIVE_APP
2022-11-10 16:23:27 [main] INFO  hide_showAnimationScreen:42 - NATIVE_APP
2022-11-10 16:23:29 [main] INFO  hide_showAnimationScreen:47 - NATIVE_APP
2022-11-10 16:23:31 [main] INFO  hide_showAnimationScreen:52 - NATIVE_APP
2022-11-10 16:23:32 [main] INFO  hide_showAnimationScreen:55 - NATIVE_APP
2022-11-10 16:23:33 [main] INFO  hide_showAnimationScreen:60 - NATIVE_APP
2022-11-10 16:23:34 [main] INFO  hide_showAnimationScreen:63 - NATIVE_APP
2022-11-10 16:23:35 [main] INFO  hide_showAnimationScreen:68 - NATIVE_APP
2022-11-10 16:23:36 [main] INFO  RunnerClass:19 - driver is stopped
2022-11-10 16:23:43 [main] INFO  RunnerClass:14 - device is initialized
2022-11-10 16:23:43 [main] INFO  StartScreen:33 - NATIVE_APP
2022-11-10 16:23:46 [main] INFO  StartScreen:36 - NATIVE_APP
2022-11-10 16:23:47 [main] INFO  StartScreen:39 - NATIVE_APP
2022-11-10 16:23:49 [main] INFO  StartScreen:43 - NATIVE_APP
2022-11-10 16:23:51 [main] INFO  hide_showAnimationScreen:42 - NATIVE_APP
2022-11-10 16:23:53 [main] INFO  ViewFlipScreen:29 - NATIVE_APP
2022-11-10 16:23:56 [main] INFO  ViewFlipScreen:35 - NATIVE_APP
2022-11-10 16:23:57 [main] INFO  RunnerClass:19 - driver is stopped
2022-11-10 16:24:04 [main] INFO  RunnerClass:14 - device is initialized
2022-11-10 16:24:04 [main] INFO  StartScreen:33 - NATIVE_APP
2022-11-10 16:24:07 [main] INFO  StartScreen:36 - NATIVE_APP
2022-11-10 16:24:09 [main] INFO  StartScreen:39 - NATIVE_APP
2022-11-10 16:24:11 [main] INFO  StartScreen:43 - NATIVE_APP
2022-11-10 16:24:12 [main] INFO  display_options:32 - NATIVE_APP
2022-11-10 16:24:14 [main] INFO  display_options:37 - NATIVE_APP
2022-11-10 16:24:16 [main] INFO  display_options:42 - NATIVE_APP
2022-11-10 16:24:18 [main] INFO  display_options:47 - NATIVE_APP
2022-11-10 16:24:20 [main] INFO  RunnerClass:19 - driver is stopped
2022-11-10 16:24:27 [main] INFO  RunnerClass:14 - device is initialized
2022-11-10 16:24:27 [main] INFO  StartScreen:33 - NATIVE_APP
2022-11-10 16:24:29 [main] INFO  StartScreen:36 - NATIVE_APP
2022-11-10 16:24:30 [main] INFO  StartScreen:39 - NATIVE_APP
2022-11-10 16:24:33 [main] INFO  StartScreen:43 - NATIVE_APP
2022-11-10 16:24:34 [main] INFO  display_options:32 - NATIVE_APP
2022-11-10 16:24:36 [main] INFO  SearchScreen:35 - NATIVE_APP
2022-11-10 16:24:38 [main] INFO  SearchScreen:40 - NATIVE_APP
2022-11-10 16:24:40 [main] INFO  SearchScreen:45 - NATIVE_APP
2022-11-10 16:24:42 [main] INFO  SearchScreen:48 - NATIVE_APP
2022-11-10 16:24:43 [main] INFO  SearchScreen:53 - NATIVE_APP
2022-11-10 16:24:44 [main] INFO  RunnerClass:19 - driver is stopped
2022-11-10 16:24:51 [main] INFO  RunnerClass:14 - device is initialized
2022-11-10 16:24:51 [main] INFO  StartScreen:33 - NATIVE_APP
2022-11-10 16:24:53 [main] INFO  StartScreen:36 - NATIVE_APP
2022-11-10 16:24:54 [main] INFO  StartScreen:39 - NATIVE_APP
2022-11-10 16:24:57 [main] INFO  StartScreen:43 - NATIVE_APP
2022-11-10 16:24:58 [main] INFO  display_options:32 - NATIVE_APP
2022-11-10 16:25:00 [main] INFO  SearchScreen:35 - NATIVE_APP
2022-11-10 16:25:03 [main] INFO  SearchScreen:40 - NATIVE_APP
2022-11-10 16:25:04 [main] INFO  SearchScreen:45 - NATIVE_APP
2022-11-10 16:25:06 [main] INFO  SearchScreen:48 - NATIVE_APP
2022-11-10 16:25:07 [main] INFO  SearchScreen:53 - NATIVE_APP
2022-11-10 16:25:08 [main] INFO  RunnerClass:19 - driver is stopped
2022-11-10 16:25:15 [main] INFO  RunnerClass:14 - device is initialized
2022-11-10 16:25:15 [main] INFO  StartScreen:33 - NATIVE_APP
2022-11-10 16:25:17 [main] INFO  StartScreen:36 - NATIVE_APP
2022-11-10 16:25:18 [main] INFO  StartScreen:39 - NATIVE_APP
2022-11-10 16:25:21 [main] INFO  StartScreen:43 - NATIVE_APP
2022-11-10 16:25:22 [main] INFO  MediaPlayerScreen:33 - NATIVE_APP
2022-11-10 16:25:24 [main] INFO  MediaPlayerScreen:38 - NATIVE_APP
2022-11-10 16:25:26 [main] INFO  MediaPlayerScreen:43 - NATIVE_APP
2022-11-10 16:25:27 [main] INFO  MediaPlayerScreen:49 - Media/MediaPlayer
2022-11-10 16:25:27 [main] INFO  RunnerClass:19 - driver is stopped
2022-11-10 16:25:34 [main] INFO  RunnerClass:14 - device is initialized
2022-11-10 16:25:34 [main] INFO  StartScreen:33 - NATIVE_APP
2022-11-10 16:25:37 [main] INFO  StartScreen:36 - NATIVE_APP
2022-11-10 16:25:38 [main] INFO  StartScreen:39 - NATIVE_APP
2022-11-10 16:25:41 [main] INFO  StartScreen:43 - NATIVE_APP
2022-11-10 16:25:42 [main] INFO  MediaPlayerScreen:33 - NATIVE_APP
2022-11-10 16:25:45 [main] INFO  MediaProjectionScreen:38 - NATIVE_APP
2022-11-10 16:25:47 [main] INFO  MediaProjectionScreen:43 - NATIVE_APP
2022-11-10 16:25:48 [main] INFO  MediaProjectionScreen:46 - NATIVE_APP
2022-11-10 16:25:50 [main] INFO  MediaProjectionScreen:51 - NATIVE_APP
2022-11-10 16:25:55 [main] INFO  MediaProjectionScreen:59 - Media/MediaProjection
2022-11-10 16:25:55 [main] INFO  RunnerClass:19 - driver is stopped
2022-11-10 16:25:55 [main] INFO  RunnerClass:70 - Appium server stopped
2022-11-10 20:48:28 [main] INFO  RunnerClass:40 - Appium Server started
2022-11-10 20:48:40 [main] INFO  RunnerClass:14 - device is initialized
2022-11-10 20:48:41 [main] INFO  StartScreen:33 - NATIVE_APP
2022-11-10 20:48:43 [main] INFO  StartScreen:36 - NATIVE_APP
2022-11-10 20:48:44 [main] INFO  StartScreen:39 - NATIVE_APP
2022-11-10 20:48:47 [main] INFO  StartScreen:43 - NATIVE_APP
2022-11-10 20:48:48 [main] INFO  hide_showAnimationScreen:42 - NATIVE_APP
2022-11-10 20:48:50 [main] INFO  hide_showAnimationScreen:47 - NATIVE_APP
2022-11-10 20:48:52 [main] INFO  hide_showAnimationScreen:52 - NATIVE_APP
2022-11-10 20:48:53 [main] INFO  hide_showAnimationScreen:55 - NATIVE_APP
2022-11-10 20:48:54 [main] INFO  hide_showAnimationScreen:60 - NATIVE_APP
2022-11-10 20:48:55 [main] INFO  hide_showAnimationScreen:63 - NATIVE_APP
2022-11-10 20:48:56 [main] INFO  hide_showAnimationScreen:68 - NATIVE_APP
2022-11-10 20:48:57 [main] INFO  RunnerClass:19 - driver is stopped
2022-11-10 20:49:05 [main] INFO  RunnerClass:14 - device is initialized
2022-11-10 20:49:05 [main] INFO  StartScreen:33 - NATIVE_APP
2022-11-10 20:49:07 [main] INFO  StartScreen:36 - NATIVE_APP
2022-11-10 20:49:08 [main] INFO  StartScreen:39 - NATIVE_APP
2022-11-10 20:49:11 [main] INFO  StartScreen:43 - NATIVE_APP
2022-11-10 20:49:12 [main] INFO  hide_showAnimationScreen:42 - NATIVE_APP
2022-11-10 20:49:14 [main] INFO  ViewFlipScreen:29 - NATIVE_APP
2022-11-10 20:49:18 [main] INFO  ViewFlipScreen:35 - NATIVE_APP
2022-11-10 20:49:19 [main] INFO  RunnerClass:19 - driver is stopped
2022-11-10 20:49:26 [main] INFO  RunnerClass:14 - device is initialized
2022-11-10 20:49:26 [main] INFO  StartScreen:33 - NATIVE_APP
2022-11-10 20:49:28 [main] INFO  StartScreen:36 - NATIVE_APP
2022-11-10 20:49:29 [main] INFO  StartScreen:39 - NATIVE_APP
2022-11-10 20:49:32 [main] INFO  StartScreen:43 - NATIVE_APP
2022-11-10 20:49:33 [main] INFO  display_options:32 - NATIVE_APP
2022-11-10 20:49:35 [main] INFO  display_options:37 - NATIVE_APP
2022-11-10 20:49:37 [main] INFO  display_options:42 - NATIVE_APP
2022-11-10 20:49:39 [main] INFO  display_options:47 - NATIVE_APP
2022-11-10 20:49:40 [main] INFO  RunnerClass:19 - driver is stopped
2022-11-10 20:49:47 [main] INFO  RunnerClass:14 - device is initialized
2022-11-10 20:49:47 [main] INFO  StartScreen:33 - NATIVE_APP
2022-11-10 20:49:50 [main] INFO  StartScreen:36 - NATIVE_APP
2022-11-10 20:49:51 [main] INFO  StartScreen:39 - NATIVE_APP
2022-11-10 20:49:53 [main] INFO  StartScreen:43 - NATIVE_APP
2022-11-10 20:49:55 [main] INFO  display_options:32 - NATIVE_APP
2022-11-10 20:49:57 [main] INFO  SearchScreen:35 - NATIVE_APP
2022-11-10 20:49:59 [main] INFO  SearchScreen:40 - NATIVE_APP
2022-11-10 20:50:01 [main] INFO  SearchScreen:45 - NATIVE_APP
2022-11-10 20:50:02 [main] INFO  SearchScreen:48 - NATIVE_APP
2022-11-10 20:50:03 [main] INFO  SearchScreen:53 - NATIVE_APP
2022-11-10 20:50:05 [main] INFO  RunnerClass:19 - driver is stopped
2022-11-10 20:50:13 [main] INFO  RunnerClass:14 - device is initialized
2022-11-10 20:50:13 [main] INFO  StartScreen:33 - NATIVE_APP
2022-11-10 20:50:15 [main] INFO  StartScreen:36 - NATIVE_APP
2022-11-10 20:50:17 [main] INFO  StartScreen:39 - NATIVE_APP
2022-11-10 20:50:19 [main] INFO  StartScreen:43 - NATIVE_APP
2022-11-10 20:50:20 [main] INFO  display_options:32 - NATIVE_APP
2022-11-10 20:50:23 [main] INFO  SearchScreen:35 - NATIVE_APP
2022-11-10 20:50:25 [main] INFO  SearchScreen:40 - NATIVE_APP
2022-11-10 20:50:27 [main] INFO  SearchScreen:45 - NATIVE_APP
2022-11-10 20:50:28 [main] INFO  SearchScreen:48 - NATIVE_APP
2022-11-10 20:50:29 [main] INFO  SearchScreen:53 - NATIVE_APP
2022-11-10 20:50:30 [main] INFO  RunnerClass:19 - driver is stopped
2022-11-10 20:50:41 [main] INFO  RunnerClass:14 - device is initialized
2022-11-10 20:50:41 [main] INFO  StartScreen:33 - NATIVE_APP
2022-11-10 20:50:44 [main] INFO  StartScreen:36 - NATIVE_APP
2022-11-10 20:50:46 [main] INFO  StartScreen:39 - NATIVE_APP
2022-11-10 20:50:49 [main] INFO  StartScreen:43 - NATIVE_APP
2022-11-10 20:50:50 [main] INFO  MediaPlayerScreen:33 - NATIVE_APP
2022-11-10 20:50:52 [main] INFO  MediaPlayerScreen:38 - NATIVE_APP
2022-11-10 20:50:54 [main] INFO  MediaPlayerScreen:43 - NATIVE_APP
2022-11-10 20:50:55 [main] INFO  MediaPlayerScreen:49 - Media/MediaPlayer
2022-11-10 20:50:55 [main] INFO  RunnerClass:19 - driver is stopped
2022-11-10 20:51:05 [main] INFO  RunnerClass:14 - device is initialized
2022-11-10 20:51:05 [main] INFO  StartScreen:33 - NATIVE_APP
2022-11-10 20:51:07 [main] INFO  StartScreen:36 - NATIVE_APP
2022-11-10 20:51:09 [main] INFO  StartScreen:39 - NATIVE_APP
2022-11-10 20:51:12 [main] INFO  StartScreen:43 - NATIVE_APP
2022-11-10 20:51:13 [main] INFO  MediaPlayerScreen:33 - NATIVE_APP
2022-11-10 20:51:15 [main] INFO  MediaProjectionScreen:38 - NATIVE_APP
2022-11-10 20:51:17 [main] INFO  MediaProjectionScreen:43 - NATIVE_APP
2022-11-10 20:51:18 [main] INFO  MediaProjectionScreen:46 - NATIVE_APP
2022-11-10 20:51:20 [main] INFO  MediaProjectionScreen:51 - NATIVE_APP
2022-11-10 20:51:25 [main] INFO  MediaProjectionScreen:59 - Media/MediaProjection
2022-11-10 20:51:25 [main] INFO  RunnerClass:19 - driver is stopped
2022-11-10 20:51:25 [main] INFO  RunnerClass:70 - Appium server stopped
